TN:
SF:/home/solon/Documents/remus/build-coverage/src/core/remus-core_autogen/EWIEGA46WW/moc_archive_extractor.cpp
FNL:0,125,128
FNA:0,0,_ZNK5Remus16ArchiveExtractor10metaObjectEv
FNL:1,130,136
FNA:1,0,_ZN5Remus16ArchiveExtractor11qt_metacastEPKc
FNL:2,138,154
FNA:2,0,_ZN5Remus16ArchiveExtractor11qt_metacallEN11QMetaObject4CallEiPPv
FNL:3,157,160
FNA:3,2,_ZN5Remus16ArchiveExtractor17extractionStartedERK7QStringS3_
FNL:4,163,166
FNA:4,0,_ZN5Remus16ArchiveExtractor18extractionProgressEiRK7QString
FNL:5,169,172
FNA:5,2,_ZN5Remus16ArchiveExtractor19extractionCompletedERKNS_16ExtractionResultE
FNL:6,175,178
FNA:6,0,_ZN5Remus16ArchiveExtractor13batchProgressEii
FNL:7,181,184
FNA:7,0,_ZN5Remus16ArchiveExtractor13errorOccurredERK7QString
FNL:8,98,123
FNA:8,0,_ZN5Remus16ArchiveExtractor18qt_static_metacallEP7QObjectN11QMetaObject4CallEiPPv
FNF:9
FNH:2
BRDA:101,0,0,-
BRDA:101,0,1,-
BRDA:102,0,0,-
BRDA:102,0,1,-
BRDA:102,0,2,-
BRDA:102,0,3,-
BRDA:102,0,4,-
BRDA:102,0,5,-
BRDA:111,0,0,-
BRDA:111,0,1,-
BRDA:112,0,0,-
BRDA:112,0,1,-
BRDA:114,0,0,-
BRDA:114,0,1,-
BRDA:116,0,0,-
BRDA:116,0,1,-
BRDA:118,0,0,-
BRDA:118,0,1,-
BRDA:120,0,0,-
BRDA:120,0,1,-
BRDA:127,0,0,-
BRDA:127,0,1,-
BRDA:132,0,0,-
BRDA:132,0,1,-
BRDA:133,0,0,-
BRDA:133,0,1,-
BRDA:141,0,0,-
BRDA:141,0,1,-
BRDA:143,0,0,-
BRDA:143,0,1,-
BRDA:144,0,0,-
BRDA:144,0,1,-
BRDA:148,0,0,-
BRDA:148,0,1,-
BRDA:149,0,0,-
BRDA:149,0,1,-
BRF:36
BRH:0
DA:98,0
DA:100,0
DA:101,0
DA:102,0
DA:103,0
DA:104,0
DA:105,0
DA:106,0
DA:107,0
DA:108,0
DA:111,0
DA:112,0
DA:113,0
DA:114,0
DA:115,0
DA:116,0
DA:117,0
DA:118,0
DA:119,0
DA:120,0
DA:121,0
DA:125,0
DA:127,0
DA:130,0
DA:132,0
DA:133,0
DA:134,0
DA:135,0
DA:138,0
DA:140,0
DA:141,0
DA:142,0
DA:143,0
DA:144,0
DA:145,0
DA:146,0
DA:148,0
DA:149,0
DA:150,0
DA:151,0
DA:153,0
DA:157,2
DA:159,2
DA:160,2
DA:163,0
DA:165,0
DA:166,0
DA:169,2
DA:171,2
DA:172,2
DA:175,0
DA:177,0
DA:178,0
DA:181,0
DA:183,0
DA:184,0
LF:56
LH:6
end_of_record
TN:
SF:/home/solon/Documents/remus/build-coverage/src/core/remus-core_autogen/EWIEGA46WW/moc_chd_converter.cpp
FNL:0,101,129
FNA:0,0,_ZN5Remus12CHDConverter18qt_static_metacallEP7QObjectN11QMetaObject4CallEiPPv
FNL:1,131,134
FNA:1,0,_ZNK5Remus12CHDConverter10metaObjectEv
FNL:2,136,142
FNA:2,0,_ZN5Remus12CHDConverter11qt_metacastEPKc
FNL:3,144,160
FNA:3,0,_ZN5Remus12CHDConverter11qt_metacallEN11QMetaObject4CallEiPPv
FNL:4,163,166
FNA:4,2,_ZN5Remus12CHDConverter17conversionStartedERK7QStringS3_
FNL:5,169,172
FNA:5,0,_ZN5Remus12CHDConverter18conversionProgressEiRK7QString
FNL:6,175,178
FNA:6,2,_ZN5Remus12CHDConverter19conversionCompletedERKNS_19CHDConversionResultE
FNL:7,181,184
FNA:7,1,_ZN5Remus12CHDConverter13batchProgressEii
FNL:8,187,190
FNA:8,0,_ZN5Remus12CHDConverter19conversionCancelledEv
FNL:9,193,196
FNA:9,0,_ZN5Remus12CHDConverter13errorOccurredERK7QString
FNF:10
FNH:3
BRDA:104,0,0,-
BRDA:104,0,1,-
BRDA:105,0,0,-
BRDA:105,0,1,-
BRDA:105,0,2,-
BRDA:105,0,3,-
BRDA:105,0,4,-
BRDA:105,0,5,-
BRDA:105,0,6,-
BRDA:115,0,0,-
BRDA:115,0,1,-
BRDA:116,0,0,-
BRDA:116,0,1,-
BRDA:118,0,0,-
BRDA:118,0,1,-
BRDA:120,0,0,-
BRDA:120,0,1,-
BRDA:122,0,0,-
BRDA:122,0,1,-
BRDA:124,0,0,-
BRDA:124,0,1,-
BRDA:126,0,0,-
BRDA:126,0,1,-
BRDA:133,0,0,-
BRDA:133,0,1,-
BRDA:138,0,0,-
BRDA:138,0,1,-
BRDA:139,0,0,-
BRDA:139,0,1,-
BRDA:147,0,0,-
BRDA:147,0,1,-
BRDA:149,0,0,-
BRDA:149,0,1,-
BRDA:150,0,0,-
BRDA:150,0,1,-
BRDA:154,0,0,-
BRDA:154,0,1,-
BRDA:155,0,0,-
BRDA:155,0,1,-
BRF:39
BRH:0
DA:101,0
DA:103,0
DA:104,0
DA:105,0
DA:106,0
DA:107,0
DA:108,0
DA:109,0
DA:110,0
DA:111,0
DA:112,0
DA:115,0
DA:116,0
DA:117,0
DA:118,0
DA:119,0
DA:120,0
DA:121,0
DA:122,0
DA:123,0
DA:124,0
DA:125,0
DA:126,0
DA:127,0
DA:131,0
DA:133,0
DA:136,0
DA:138,0
DA:139,0
DA:140,0
DA:141,0
DA:144,0
DA:146,0
DA:147,0
DA:148,0
DA:149,0
DA:150,0
DA:151,0
DA:152,0
DA:154,0
DA:155,0
DA:156,0
DA:157,0
DA:159,0
DA:163,2
DA:165,2
DA:166,2
DA:169,0
DA:171,0
DA:172,0
DA:175,2
DA:177,2
DA:178,2
DA:181,1
DA:183,1
DA:184,1
DA:187,0
DA:189,0
DA:190,0
DA:193,0
DA:195,0
DA:196,0
LF:62
LH:9
end_of_record
TN:
SF:/home/solon/Documents/remus/build-coverage/src/core/remus-core_autogen/EWIEGA46WW/moc_dat_parser.cpp
FNL:0,100,106
FNA:0,0,_ZN5Remus9DatParser11qt_metacastEPKc
FNL:1,108,124
FNA:1,0,_ZN5Remus9DatParser11qt_metacallEN11QMetaObject4CallEiPPv
FNL:2,127,130
FNA:2,0,_ZN5Remus9DatParser13parseProgressEii
FNL:3,133,136
FNA:3,0,_ZN5Remus9DatParser10parseErrorERK7QString
FNL:4,77,93
FNA:4,0,_ZN5Remus9DatParser18qt_static_metacallEP7QObjectN11QMetaObject4CallEiPPv
FNL:5,95,98
FNA:5,0,_ZNK5Remus9DatParser10metaObjectEv
FNF:6
FNH:0
BRDA:80,0,0,-
BRDA:80,0,1,-
BRDA:81,0,0,-
BRDA:81,0,1,-
BRDA:81,0,2,-
BRDA:87,0,0,-
BRDA:87,0,1,-
BRDA:88,0,0,-
BRDA:88,0,1,-
BRDA:90,0,0,-
BRDA:90,0,1,-
BRDA:97,0,0,-
BRDA:97,0,1,-
BRDA:102,0,0,-
BRDA:102,0,1,-
BRDA:103,0,0,-
BRDA:103,0,1,-
BRDA:111,0,0,-
BRDA:111,0,1,-
BRDA:113,0,0,-
BRDA:113,0,1,-
BRDA:114,0,0,-
BRDA:114,0,1,-
BRDA:118,0,0,-
BRDA:118,0,1,-
BRDA:119,0,0,-
BRDA:119,0,1,-
BRF:27
BRH:0
DA:77,0
DA:79,0
DA:80,0
DA:81,0
DA:82,0
DA:83,0
DA:84,0
DA:87,0
DA:88,0
DA:89,0
DA:90,0
DA:91,0
DA:95,0
DA:97,0
DA:100,0
DA:102,0
DA:103,0
DA:104,0
DA:105,0
DA:108,0
DA:110,0
DA:111,0
DA:112,0
DA:113,0
DA:114,0
DA:115,0
DA:116,0
DA:118,0
DA:119,0
DA:120,0
DA:121,0
DA:123,0
DA:127,0
DA:129,0
DA:130,0
DA:133,0
DA:135,0
DA:136,0
LF:38
LH:0
end_of_record
TN:
SF:/home/solon/Documents/remus/build-coverage/src/core/remus-core_autogen/EWIEGA46WW/moc_database.cpp
FNL:0,117,120
FNA:0,0,_ZN5Remus8Database13databaseErrorERK7QString
FNL:1,70,83
FNA:1,0,_ZN5Remus8Database18qt_static_metacallEP7QObjectN11QMetaObject4CallEiPPv
FNL:2,85,88
FNA:2,0,_ZNK5Remus8Database10metaObjectEv
FNL:3,90,96
FNA:3,0,_ZN5Remus8Database11qt_metacastEPKc
FNL:4,98,114
FNA:4,0,_ZN5Remus8Database11qt_metacallEN11QMetaObject4CallEiPPv
FNF:5
FNH:0
BRDA:73,0,0,-
BRDA:73,0,1,-
BRDA:74,0,0,-
BRDA:74,0,1,-
BRDA:79,0,0,-
BRDA:79,0,1,-
BRDA:80,0,0,-
BRDA:80,0,1,-
BRDA:87,0,0,-
BRDA:87,0,1,-
BRDA:92,0,0,-
BRDA:92,0,1,-
BRDA:93,0,0,-
BRDA:93,0,1,-
BRDA:101,0,0,-
BRDA:101,0,1,-
BRDA:103,0,0,-
BRDA:103,0,1,-
BRDA:104,0,0,-
BRDA:104,0,1,-
BRDA:108,0,0,-
BRDA:108,0,1,-
BRDA:109,0,0,-
BRDA:109,0,1,-
BRF:24
BRH:0
DA:70,0
DA:72,0
DA:73,0
DA:74,0
DA:75,0
DA:76,0
DA:79,0
DA:80,0
DA:81,0
DA:85,0
DA:87,0
DA:90,0
DA:92,0
DA:93,0
DA:94,0
DA:95,0
DA:98,0
DA:100,0
DA:101,0
DA:102,0
DA:103,0
DA:104,0
DA:105,0
DA:106,0
DA:108,0
DA:109,0
DA:110,0
DA:111,0
DA:113,0
DA:117,0
DA:119,0
DA:120,0
LF:32
LH:0
end_of_record
TN:
SF:/home/solon/Documents/remus/build-coverage/src/core/remus-core_autogen/EWIEGA46WW/moc_hasher.cpp
FNL:0,118,121
FNA:0,0,_ZN5Remus6Hasher12hashProgressERK7QStringi
FNL:1,71,84
FNA:1,0,_ZN5Remus6Hasher18qt_static_metacallEP7QObjectN11QMetaObject4CallEiPPv
FNL:2,86,89
FNA:2,0,_ZNK5Remus6Hasher10metaObjectEv
FNL:3,91,97
FNA:3,0,_ZN5Remus6Hasher11qt_metacastEPKc
FNL:4,99,115
FNA:4,0,_ZN5Remus6Hasher11qt_metacallEN11QMetaObject4CallEiPPv
FNF:5
FNH:0
BRDA:74,0,0,-
BRDA:74,0,1,-
BRDA:75,0,0,-
BRDA:75,0,1,-
BRDA:80,0,0,-
BRDA:80,0,1,-
BRDA:81,0,0,-
BRDA:81,0,1,-
BRDA:88,0,0,-
BRDA:88,0,1,-
BRDA:93,0,0,-
BRDA:93,0,1,-
BRDA:94,0,0,-
BRDA:94,0,1,-
BRDA:102,0,0,-
BRDA:102,0,1,-
BRDA:104,0,0,-
BRDA:104,0,1,-
BRDA:105,0,0,-
BRDA:105,0,1,-
BRDA:109,0,0,-
BRDA:109,0,1,-
BRDA:110,0,0,-
BRDA:110,0,1,-
BRF:24
BRH:0
DA:71,0
DA:73,0
DA:74,0
DA:75,0
DA:76,0
DA:77,0
DA:80,0
DA:81,0
DA:82,0
DA:86,0
DA:88,0
DA:91,0
DA:93,0
DA:94,0
DA:95,0
DA:96,0
DA:99,0
DA:101,0
DA:102,0
DA:103,0
DA:104,0
DA:105,0
DA:106,0
DA:107,0
DA:109,0
DA:110,0
DA:111,0
DA:112,0
DA:114,0
DA:118,0
DA:120,0
DA:121,0
LF:32
LH:0
end_of_record
TN:
SF:/home/solon/Documents/remus/build-coverage/src/core/remus-core_autogen/EWIEGA46WW/moc_header_detector.cpp
FNL:0,63,70
FNA:0,0,_ZN5Remus14HeaderDetector18qt_static_metacallEP7QObjectN11QMetaObject4CallEiPPv
FNL:1,72,75
FNA:1,0,_ZNK5Remus14HeaderDetector10metaObjectEv
FNL:2,77,83
FNA:2,0,_ZN5Remus14HeaderDetector11qt_metacastEPKc
FNL:3,85,89
FNA:3,0,_ZN5Remus14HeaderDetector11qt_metacallEN11QMetaObject4CallEiPPv
FNF:4
FNH:0
BRDA:74,0,0,-
BRDA:74,0,1,-
BRDA:79,0,0,-
BRDA:79,0,1,-
BRDA:80,0,0,-
BRDA:80,0,1,-
BRF:6
BRH:0
DA:63,0
DA:65,0
DA:70,0
DA:72,0
DA:74,0
DA:77,0
DA:79,0
DA:80,0
DA:81,0
DA:82,0
DA:85,0
DA:87,0
DA:88,0
LF:13
LH:0
end_of_record
TN:
SF:/home/solon/Documents/remus/build-coverage/src/core/remus-core_autogen/EWIEGA46WW/moc_m3u_generator.cpp
FNL:0,100,106
FNA:0,0,_ZN5Remus12M3UGenerator11qt_metacastEPKc
FNL:1,108,124
FNA:1,0,_ZN5Remus12M3UGenerator11qt_metacallEN11QMetaObject4CallEiPPv
FNL:2,127,130
FNA:2,0,_ZN5Remus12M3UGenerator17playlistGeneratedERK7QStringi
FNL:3,133,136
FNA:3,0,_ZN5Remus12M3UGenerator13errorOccurredERK7QString
FNL:4,77,93
FNA:4,0,_ZN5Remus12M3UGenerator18qt_static_metacallEP7QObjectN11QMetaObject4CallEiPPv
FNL:5,95,98
FNA:5,0,_ZNK5Remus12M3UGenerator10metaObjectEv
FNF:6
FNH:0
BRDA:80,0,0,-
BRDA:80,0,1,-
BRDA:81,0,0,-
BRDA:81,0,1,-
BRDA:81,0,2,-
BRDA:87,0,0,-
BRDA:87,0,1,-
BRDA:88,0,0,-
BRDA:88,0,1,-
BRDA:90,0,0,-
BRDA:90,0,1,-
BRDA:97,0,0,-
BRDA:97,0,1,-
BRDA:102,0,0,-
BRDA:102,0,1,-
BRDA:103,0,0,-
BRDA:103,0,1,-
BRDA:111,0,0,-
BRDA:111,0,1,-
BRDA:113,0,0,-
BRDA:113,0,1,-
BRDA:114,0,0,-
BRDA:114,0,1,-
BRDA:118,0,0,-
BRDA:118,0,1,-
BRDA:119,0,0,-
BRDA:119,0,1,-
BRF:27
BRH:0
DA:77,0
DA:79,0
DA:80,0
DA:81,0
DA:82,0
DA:83,0
DA:84,0
DA:87,0
DA:88,0
DA:89,0
DA:90,0
DA:91,0
DA:95,0
DA:97,0
DA:100,0
DA:102,0
DA:103,0
DA:104,0
DA:105,0
DA:108,0
DA:110,0
DA:111,0
DA:112,0
DA:113,0
DA:114,0
DA:115,0
DA:116,0
DA:118,0
DA:119,0
DA:120,0
DA:121,0
DA:123,0
DA:127,0
DA:129,0
DA:130,0
DA:133,0
DA:135,0
DA:136,0
LF:38
LH:0
end_of_record
TN:
SF:/home/solon/Documents/remus/build-coverage/src/core/remus-core_autogen/EWIEGA46WW/moc_matching_engine.cpp
FNL:0,113,116
FNA:0,0,_ZNK5Remus14MatchingEngine10metaObjectEv
FNL:1,118,124
FNA:1,0,_ZN5Remus14MatchingEngine11qt_metacastEPKc
FNL:2,126,142
FNA:2,0,_ZN5Remus14MatchingEngine11qt_metacallEN11QMetaObject4CallEiPPv
FNL:3,145,148
FNA:3,0,_ZN5Remus14MatchingEngine15matchingStartedERK7QString
FNL:4,151,154
FNA:4,0,_ZN5Remus14MatchingEngine15tryingHashMatchEv
FNL:5,157,160
FNA:5,0,_ZN5Remus14MatchingEngine15tryingNameMatchEv
FNL:6,163,166
FNA:6,0,_ZN5Remus14MatchingEngine17matchingCompletedERKNS_5MatchE
FNL:7,169,172
FNA:7,0,_ZN5Remus14MatchingEngine12noMatchFoundEv
FNL:8,86,111
FNA:8,0,_ZN5Remus14MatchingEngine18qt_static_metacallEP7QObjectN11QMetaObject4CallEiPPv
FNF:9
FNH:0
BRDA:89,0,0,-
BRDA:89,0,1,-
BRDA:90,0,0,-
BRDA:90,0,1,-
BRDA:90,0,2,-
BRDA:90,0,3,-
BRDA:90,0,4,-
BRDA:90,0,5,-
BRDA:99,0,0,-
BRDA:99,0,1,-
BRDA:100,0,0,-
BRDA:100,0,1,-
BRDA:102,0,0,-
BRDA:102,0,1,-
BRDA:104,0,0,-
BRDA:104,0,1,-
BRDA:106,0,0,-
BRDA:106,0,1,-
BRDA:108,0,0,-
BRDA:108,0,1,-
BRDA:115,0,0,-
BRDA:115,0,1,-
BRDA:120,0,0,-
BRDA:120,0,1,-
BRDA:121,0,0,-
BRDA:121,0,1,-
BRDA:129,0,0,-
BRDA:129,0,1,-
BRDA:131,0,0,-
BRDA:131,0,1,-
BRDA:132,0,0,-
BRDA:132,0,1,-
BRDA:136,0,0,-
BRDA:136,0,1,-
BRDA:137,0,0,-
BRDA:137,0,1,-
BRF:36
BRH:0
DA:86,0
DA:88,0
DA:89,0
DA:90,0
DA:91,0
DA:92,0
DA:93,0
DA:94,0
DA:95,0
DA:96,0
DA:99,0
DA:100,0
DA:101,0
DA:102,0
DA:103,0
DA:104,0
DA:105,0
DA:106,0
DA:107,0
DA:108,0
DA:109,0
DA:113,0
DA:115,0
DA:118,0
DA:120,0
DA:121,0
DA:122,0
DA:123,0
DA:126,0
DA:128,0
DA:129,0
DA:130,0
DA:131,0
DA:132,0
DA:133,0
DA:134,0
DA:136,0
DA:137,0
DA:138,0
DA:139,0
DA:141,0
DA:145,0
DA:147,0
DA:148,0
DA:151,0
DA:153,0
DA:154,0
DA:157,0
DA:159,0
DA:160,0
DA:163,0
DA:165,0
DA:166,0
DA:169,0
DA:171,0
DA:172,0
LF:56
LH:0
end_of_record
TN:
SF:/home/solon/Documents/remus/build-coverage/src/core/remus-core_autogen/EWIEGA46WW/moc_organize_engine.cpp
FNL:0,117,120
FNA:0,0,_ZNK5Remus14OrganizeEngine10metaObjectEv
FNL:1,122,128
FNA:1,0,_ZN5Remus14OrganizeEngine11qt_metacastEPKc
FNL:2,130,146
FNA:2,0,_ZN5Remus14OrganizeEngine11qt_metacallEN11QMetaObject4CallEiPPv
FNL:3,149,152
FNA:3,0,_ZN5Remus14OrganizeEngine16operationStartedEiRK7QStringS3_
FNL:4,155,158
FNA:4,0,_ZN5Remus14OrganizeEngine18operationCompletedEibRK7QString
FNL:5,161,164
FNA:5,0,_ZN5Remus14OrganizeEngine14progressUpdateEii
FNL:6,167,170
FNA:6,0,_ZN5Remus14OrganizeEngine13dryRunPreviewERK7QStringS3_NS_13FileOperationE
FNL:7,93,115
FNA:7,0,_ZN5Remus14OrganizeEngine18qt_static_metacallEP7QObjectN11QMetaObject4CallEiPPv
FNF:8
FNH:0
BRDA:96,0,0,-
BRDA:96,0,1,-
BRDA:97,0,0,-
BRDA:97,0,1,-
BRDA:97,0,2,-
BRDA:97,0,3,-
BRDA:97,0,4,-
BRDA:105,0,0,-
BRDA:105,0,1,-
BRDA:106,0,0,-
BRDA:106,0,1,-
BRDA:108,0,0,-
BRDA:108,0,1,-
BRDA:110,0,0,-
BRDA:110,0,1,-
BRDA:112,0,0,-
BRDA:112,0,1,-
BRDA:119,0,0,-
BRDA:119,0,1,-
BRDA:124,0,0,-
BRDA:124,0,1,-
BRDA:125,0,0,-
BRDA:125,0,1,-
BRDA:133,0,0,-
BRDA:133,0,1,-
BRDA:135,0,0,-
BRDA:135,0,1,-
BRDA:136,0,0,-
BRDA:136,0,1,-
BRDA:140,0,0,-
BRDA:140,0,1,-
BRDA:141,0,0,-
BRDA:141,0,1,-
BRF:33
BRH:0
DA:93,0
DA:95,0
DA:96,0
DA:97,0
DA:98,0
DA:99,0
DA:100,0
DA:101,0
DA:102,0
DA:105,0
DA:106,0
DA:107,0
DA:108,0
DA:109,0
DA:110,0
DA:111,0
DA:112,0
DA:113,0
DA:117,0
DA:119,0
DA:122,0
DA:124,0
DA:125,0
DA:126,0
DA:127,0
DA:130,0
DA:132,0
DA:133,0
DA:134,0
DA:135,0
DA:136,0
DA:137,0
DA:138,0
DA:140,0
DA:141,0
DA:142,0
DA:143,0
DA:145,0
DA:149,0
DA:151,0
DA:152,0
DA:155,0
DA:157,0
DA:158,0
DA:161,0
DA:163,0
DA:164,0
DA:167,0
DA:169,0
DA:170,0
LF:50
LH:0
end_of_record
TN:
SF:/home/solon/Documents/remus/build-coverage/src/core/remus-core_autogen/EWIEGA46WW/moc_patch_engine.cpp
FNL:0,104,107
FNA:0,0,_ZNK5Remus11PatchEngine10metaObjectEv
FNL:1,109,115
FNA:1,0,_ZN5Remus11PatchEngine11qt_metacastEPKc
FNL:2,117,133
FNA:2,0,_ZN5Remus11PatchEngine11qt_metacallEN11QMetaObject4CallEiPPv
FNL:3,136,139
FNA:3,0,_ZN5Remus11PatchEngine13patchProgressEi
FNL:4,142,145
FNA:4,2,_ZN5Remus11PatchEngine10patchErrorERK7QString
FNL:5,148,151
FNA:5,1,_ZN5Remus11PatchEngine13patchCompleteERKNS_11PatchResultE
FNL:6,83,102
FNA:6,0,_ZN5Remus11PatchEngine18qt_static_metacallEP7QObjectN11QMetaObject4CallEiPPv
FNF:7
FNH:2
BRDA:86,0,0,-
BRDA:86,0,1,-
BRDA:87,0,0,-
BRDA:87,0,1,-
BRDA:87,0,2,-
BRDA:87,0,3,-
BRDA:94,0,0,-
BRDA:94,0,1,-
BRDA:95,0,0,-
BRDA:95,0,1,-
BRDA:97,0,0,-
BRDA:97,0,1,-
BRDA:99,0,0,-
BRDA:99,0,1,-
BRDA:106,0,0,-
BRDA:106,0,1,-
BRDA:111,0,0,-
BRDA:111,0,1,-
BRDA:112,0,0,-
BRDA:112,0,1,-
BRDA:120,0,0,-
BRDA:120,0,1,-
BRDA:122,0,0,-
BRDA:122,0,1,-
BRDA:123,0,0,-
BRDA:123,0,1,-
BRDA:127,0,0,-
BRDA:127,0,1,-
BRDA:128,0,0,-
BRDA:128,0,1,-
BRF:30
BRH:0
DA:83,0
DA:85,0
DA:86,0
DA:87,0
DA:88,0
DA:89,0
DA:90,0
DA:91,0
DA:94,0
DA:95,0
DA:96,0
DA:97,0
DA:98,0
DA:99,0
DA:100,0
DA:104,0
DA:106,0
DA:109,0
DA:111,0
DA:112,0
DA:113,0
DA:114,0
DA:117,0
DA:119,0
DA:120,0
DA:121,0
DA:122,0
DA:123,0
DA:124,0
DA:125,0
DA:127,0
DA:128,0
DA:129,0
DA:130,0
DA:132,0
DA:136,0
DA:138,0
DA:139,0
DA:142,2
DA:144,2
DA:145,2
DA:148,1
DA:150,1
DA:151,1
LF:44
LH:6
end_of_record
TN:
SF:/home/solon/Documents/remus/build-coverage/src/core/remus-core_autogen/EWIEGA46WW/moc_scanner.cpp
FNL:0,120,123
FNA:0,2,_ZNK5Remus7Scanner10metaObjectEv
FNL:1,125,131
FNA:1,0,_ZN5Remus7Scanner11qt_metacastEPKc
FNL:2,133,149
FNA:2,0,_ZN5Remus7Scanner11qt_metacallEN11QMetaObject4CallEiPPv
FNL:3,152,155
FNA:3,2,_ZN5Remus7Scanner11scanStartedERK7QString
FNL:4,158,161
FNA:4,6,_ZN5Remus7Scanner9fileFoundERK7QString
FNL:5,164,167
FNA:5,0,_ZN5Remus7Scanner12scanProgressEii
FNL:6,170,173
FNA:6,1,_ZN5Remus7Scanner13scanCompletedEi
FNL:7,176,179
FNA:7,1,_ZN5Remus7Scanner9scanErrorERK7QString
FNL:8,93,118
FNA:8,2,_ZN5Remus7Scanner18qt_static_metacallEP7QObjectN11QMetaObject4CallEiPPv
FNF:9
FNH:6
BRDA:96,0,0,0
BRDA:96,0,1,2
BRDA:97,0,0,-
BRDA:97,0,1,-
BRDA:97,0,2,-
BRDA:97,0,3,-
BRDA:97,0,4,-
BRDA:97,0,5,-
BRDA:106,0,0,2
BRDA:106,0,1,0
BRDA:107,0,0,0
BRDA:107,0,1,2
BRDA:109,0,0,1
BRDA:109,0,1,1
BRDA:111,0,0,0
BRDA:111,0,1,1
BRDA:113,0,0,0
BRDA:113,0,1,1
BRDA:115,0,0,1
BRDA:115,0,1,0
BRDA:122,0,0,0
BRDA:122,0,1,2
BRDA:127,0,0,-
BRDA:127,0,1,-
BRDA:128,0,0,-
BRDA:128,0,1,-
BRDA:136,0,0,-
BRDA:136,0,1,-
BRDA:138,0,0,-
BRDA:138,0,1,-
BRDA:139,0,0,-
BRDA:139,0,1,-
BRDA:143,0,0,-
BRDA:143,0,1,-
BRDA:144,0,0,-
BRDA:144,0,1,-
BRF:36
BRH:9
DA:93,2
DA:95,2
DA:96,2
DA:97,0
DA:98,0
DA:99,0
DA:100,0
DA:101,0
DA:102,0
DA:103,0
DA:106,2
DA:107,2
DA:108,0
DA:109,2
DA:110,1
DA:111,1
DA:112,0
DA:113,1
DA:114,0
DA:115,1
DA:116,1
DA:120,2
DA:122,2
DA:125,0
DA:127,0
DA:128,0
DA:129,0
DA:130,0
DA:133,0
DA:135,0
DA:136,0
DA:137,0
DA:138,0
DA:139,0
DA:140,0
DA:141,0
DA:143,0
DA:144,0
DA:145,0
DA:146,0
DA:148,0
DA:152,2
DA:154,2
DA:155,2
DA:158,6
DA:160,6
DA:161,6
DA:164,0
DA:166,0
DA:167,0
DA:170,1
DA:172,1
DA:173,1
DA:176,1
DA:178,1
DA:179,1
LF:56
LH:25
end_of_record
TN:
SF:/home/solon/Documents/remus/build-coverage/src/core/remus-core_autogen/EWIEGA46WW/moc_space_calculator.cpp
FNL:0,101,107
FNA:0,0,_ZN5Remus15SpaceCalculator11qt_metacastEPKc
FNL:1,109,125
FNA:1,0,_ZN5Remus15SpaceCalculator11qt_metacallEN11QMetaObject4CallEiPPv
FNL:2,128,131
FNA:2,4,_ZN5Remus15SpaceCalculator12scanProgressEiRK7QString
FNL:3,134,137
FNA:3,1,_ZN5Remus15SpaceCalculator12scanCompleteERKNS_17ConversionSummaryE
FNL:4,78,94
FNA:4,1,_ZN5Remus15SpaceCalculator18qt_static_metacallEP7QObjectN11QMetaObject4CallEiPPv
FNL:5,96,99
FNA:5,2,_ZNK5Remus15SpaceCalculator10metaObjectEv
FNF:6
FNH:4
BRDA:81,0,0,0
BRDA:81,0,1,1
BRDA:82,0,0,-
BRDA:82,0,1,-
BRDA:82,0,2,-
BRDA:88,0,0,1
BRDA:88,0,1,0
BRDA:89,0,0,1
BRDA:89,0,1,0
BRDA:91,0,0,-
BRDA:91,0,1,-
BRDA:98,0,0,0
BRDA:98,0,1,2
BRDA:103,0,0,-
BRDA:103,0,1,-
BRDA:104,0,0,-
BRDA:104,0,1,-
BRDA:112,0,0,-
BRDA:112,0,1,-
BRDA:114,0,0,-
BRDA:114,0,1,-
BRDA:115,0,0,-
BRDA:115,0,1,-
BRDA:119,0,0,-
BRDA:119,0,1,-
BRDA:120,0,0,-
BRDA:120,0,1,-
BRF:27
BRH:4
DA:78,1
DA:80,1
DA:81,1
DA:82,0
DA:83,0
DA:84,0
DA:85,0
DA:88,1
DA:89,1
DA:90,1
DA:91,0
DA:92,0
DA:96,2
DA:98,2
DA:101,0
DA:103,0
DA:104,0
DA:105,0
DA:106,0
DA:109,0
DA:111,0
DA:112,0
DA:113,0
DA:114,0
DA:115,0
DA:116,0
DA:117,0
DA:119,0
DA:120,0
DA:121,0
DA:122,0
DA:124,0
DA:128,4
DA:130,4
DA:131,4
DA:134,1
DA:136,1
DA:137,1
LF:38
LH:14
end_of_record
TN:
SF:/home/solon/Documents/remus/build-coverage/src/core/remus-core_autogen/EWIEGA46WW/moc_template_engine.cpp
FNL:0,107,123
FNA:0,0,_ZN5Remus14TemplateEngine11qt_metacallEN11QMetaObject4CallEiPPv
FNL:1,126,129
FNA:1,0,_ZN5Remus14TemplateEngine15templateAppliedERK7QString
FNL:2,132,135
FNA:2,0,_ZN5Remus14TemplateEngine13errorOccurredERK7QString
FNL:3,76,92
FNA:3,0,_ZN5Remus14TemplateEngine18qt_static_metacallEP7QObjectN11QMetaObject4CallEiPPv
FNL:4,94,97
FNA:4,0,_ZNK5Remus14TemplateEngine10metaObjectEv
FNL:5,99,105
FNA:5,0,_ZN5Remus14TemplateEngine11qt_metacastEPKc
FNF:6
FNH:0
BRDA:79,0,0,-
BRDA:79,0,1,-
BRDA:80,0,0,-
BRDA:80,0,1,-
BRDA:80,0,2,-
BRDA:86,0,0,-
BRDA:86,0,1,-
BRDA:87,0,0,-
BRDA:87,0,1,-
BRDA:89,0,0,-
BRDA:89,0,1,-
BRDA:96,0,0,-
BRDA:96,0,1,-
BRDA:101,0,0,-
BRDA:101,0,1,-
BRDA:102,0,0,-
BRDA:102,0,1,-
BRDA:110,0,0,-
BRDA:110,0,1,-
BRDA:112,0,0,-
BRDA:112,0,1,-
BRDA:113,0,0,-
BRDA:113,0,1,-
BRDA:117,0,0,-
BRDA:117,0,1,-
BRDA:118,0,0,-
BRDA:118,0,1,-
BRF:27
BRH:0
DA:76,0
DA:78,0
DA:79,0
DA:80,0
DA:81,0
DA:82,0
DA:83,0
DA:86,0
DA:87,0
DA:88,0
DA:89,0
DA:90,0
DA:94,0
DA:96,0
DA:99,0
DA:101,0
DA:102,0
DA:103,0
DA:104,0
DA:107,0
DA:109,0
DA:110,0
DA:111,0
DA:112,0
DA:113,0
DA:114,0
DA:115,0
DA:117,0
DA:118,0
DA:119,0
DA:120,0
DA:122,0
DA:126,0
DA:128,0
DA:129,0
DA:132,0
DA:134,0
DA:135,0
LF:38
LH:0
end_of_record
TN:
SF:/home/solon/Documents/remus/build-coverage/src/core/remus-core_autogen/EWIEGA46WW/moc_verification_engine.cpp
FNL:0,114,117
FNA:0,0,_ZNK5Remus18VerificationEngine10metaObjectEv
FNL:1,119,125
FNA:1,0,_ZN5Remus18VerificationEngine11qt_metacastEPKc
FNL:2,127,143
FNA:2,0,_ZN5Remus18VerificationEngine11qt_metacallEN11QMetaObject4CallEiPPv
FNL:3,146,149
FNA:3,0,_ZN5Remus18VerificationEngine20verificationProgressEiiRK7QString
FNL:4,152,155
FNA:4,0,_ZN5Remus18VerificationEngine17datImportProgressEii
FNL:5,158,161
FNA:5,0,_ZN5Remus18VerificationEngine20verificationCompleteERKNS_19VerificationSummaryE
FNL:6,164,167
FNA:6,0,_ZN5Remus18VerificationEngine5errorERK7QString
FNL:7,90,112
FNA:7,0,_ZN5Remus18VerificationEngine18qt_static_metacallEP7QObjectN11QMetaObject4CallEiPPv
FNF:8
FNH:0
BRDA:93,0,0,-
BRDA:93,0,1,-
BRDA:94,0,0,-
BRDA:94,0,1,-
BRDA:94,0,2,-
BRDA:94,0,3,-
BRDA:94,0,4,-
BRDA:102,0,0,-
BRDA:102,0,1,-
BRDA:103,0,0,-
BRDA:103,0,1,-
BRDA:105,0,0,-
BRDA:105,0,1,-
BRDA:107,0,0,-
BRDA:107,0,1,-
BRDA:109,0,0,-
BRDA:109,0,1,-
BRDA:116,0,0,-
BRDA:116,0,1,-
BRDA:121,0,0,-
BRDA:121,0,1,-
BRDA:122,0,0,-
BRDA:122,0,1,-
BRDA:130,0,0,-
BRDA:130,0,1,-
BRDA:132,0,0,-
BRDA:132,0,1,-
BRDA:133,0,0,-
BRDA:133,0,1,-
BRDA:137,0,0,-
BRDA:137,0,1,-
BRDA:138,0,0,-
BRDA:138,0,1,-
BRF:33
BRH:0
DA:90,0
DA:92,0
DA:93,0
DA:94,0
DA:95,0
DA:96,0
DA:97,0
DA:98,0
DA:99,0
DA:102,0
DA:103,0
DA:104,0
DA:105,0
DA:106,0
DA:107,0
DA:108,0
DA:109,0
DA:110,0
DA:114,0
DA:116,0
DA:119,0
DA:121,0
DA:122,0
DA:123,0
DA:124,0
DA:127,0
DA:129,0
DA:130,0
DA:131,0
DA:132,0
DA:133,0
DA:134,0
DA:135,0
DA:137,0
DA:138,0
DA:139,0
DA:140,0
DA:142,0
DA:146,0
DA:148,0
DA:149,0
DA:152,0
DA:154,0
DA:155,0
DA:158,0
DA:160,0
DA:161,0
DA:164,0
DA:166,0
DA:167,0
LF:50
LH:0
end_of_record
TN:
SF:/home/solon/Documents/remus/build-coverage/src/metadata/remus-metadata_autogen/EWIEGA46WW/moc_artwork_downloader.cpp
FNL:0,107,110
FNA:0,12,_ZNK5Remus17ArtworkDownloader10metaObjectEv
FNL:1,112,118
FNA:1,0,_ZN5Remus17ArtworkDownloader11qt_metacastEPKc
FNL:2,120,136
FNA:2,0,_ZN5Remus17ArtworkDownloader11qt_metacallEN11QMetaObject4CallEiPPv
FNL:3,139,142
FNA:3,4,_ZN5Remus17ArtworkDownloader16downloadProgressERK4QUrlxx
FNL:4,145,148
FNA:4,2,_ZN5Remus17ArtworkDownloader17downloadCompletedERK4QUrlRK7QString
FNL:5,151,154
FNA:5,2,_ZN5Remus17ArtworkDownloader14downloadFailedERK4QUrlRK7QString
FNL:6,86,105
FNA:6,6,_ZN5Remus17ArtworkDownloader18qt_static_metacallEP7QObjectN11QMetaObject4CallEiPPv
FNF:7
FNH:5
BRDA:89,0,0,0
BRDA:89,0,1,6
BRDA:90,0,0,-
BRDA:90,0,1,-
BRDA:90,0,2,-
BRDA:90,0,3,-
BRDA:97,0,0,6
BRDA:97,0,1,0
BRDA:98,0,0,2
BRDA:98,0,1,4
BRDA:100,0,0,2
BRDA:100,0,1,2
BRDA:102,0,0,2
BRDA:102,0,1,0
BRDA:109,0,0,0
BRDA:109,0,1,12
BRDA:114,0,0,-
BRDA:114,0,1,-
BRDA:115,0,0,-
BRDA:115,0,1,-
BRDA:123,0,0,-
BRDA:123,0,1,-
BRDA:125,0,0,-
BRDA:125,0,1,-
BRDA:126,0,0,-
BRDA:126,0,1,-
BRDA:130,0,0,-
BRDA:130,0,1,-
BRDA:131,0,0,-
BRDA:131,0,1,-
BRF:30
BRH:8
DA:86,6
DA:88,6
DA:89,6
DA:90,0
DA:91,0
DA:92,0
DA:93,0
DA:94,0
DA:97,6
DA:98,6
DA:99,2
DA:100,4
DA:101,2
DA:102,2
DA:103,2
DA:107,12
DA:109,12
DA:112,0
DA:114,0
DA:115,0
DA:116,0
DA:117,0
DA:120,0
DA:122,0
DA:123,0
DA:124,0
DA:125,0
DA:126,0
DA:127,0
DA:128,0
DA:130,0
DA:131,0
DA:132,0
DA:133,0
DA:135,0
DA:139,4
DA:141,4
DA:142,4
DA:145,2
DA:147,2
DA:148,2
DA:151,2
DA:153,2
DA:154,2
LF:44
LH:21
end_of_record
TN:
SF:/home/solon/Documents/remus/build-coverage/src/metadata/remus-metadata_autogen/EWIEGA46WW/moc_hasheous_provider.cpp
FNL:0,64,71
FNA:0,0,_ZN5Remus16HasheousProvider18qt_static_metacallEP7QObjectN11QMetaObject4CallEiPPv
FNL:1,73,76
FNA:1,4,_ZNK5Remus16HasheousProvider10metaObjectEv
FNL:2,78,84
FNA:2,0,_ZN5Remus16HasheousProvider11qt_metacastEPKc
FNL:3,86,90
FNA:3,0,_ZN5Remus16HasheousProvider11qt_metacallEN11QMetaObject4CallEiPPv
FNF:4
FNH:1
BRDA:75,0,0,0
BRDA:75,0,1,4
BRDA:80,0,0,-
BRDA:80,0,1,-
BRDA:81,0,0,-
BRDA:81,0,1,-
BRF:6
BRH:1
DA:64,0
DA:66,0
DA:71,0
DA:73,4
DA:75,4
DA:78,0
DA:80,0
DA:81,0
DA:82,0
DA:83,0
DA:86,0
DA:88,0
DA:89,0
LF:13
LH:2
end_of_record
TN:
SF:/home/solon/Documents/remus/build-coverage/src/metadata/remus-metadata_autogen/EWIEGA46WW/moc_igdb_provider.cpp
FNL:0,64,71
FNA:0,0,_ZN5Remus12IGDBProvider18qt_static_metacallEP7QObjectN11QMetaObject4CallEiPPv
FNL:1,73,76
FNA:1,4,_ZNK5Remus12IGDBProvider10metaObjectEv
FNL:2,78,84
FNA:2,0,_ZN5Remus12IGDBProvider11qt_metacastEPKc
FNL:3,86,90
FNA:3,0,_ZN5Remus12IGDBProvider11qt_metacallEN11QMetaObject4CallEiPPv
FNF:4
FNH:1
BRDA:75,0,0,0
BRDA:75,0,1,4
BRDA:80,0,0,-
BRDA:80,0,1,-
BRDA:81,0,0,-
BRDA:81,0,1,-
BRF:6
BRH:1
DA:64,0
DA:66,0
DA:71,0
DA:73,4
DA:75,4
DA:78,0
DA:80,0
DA:81,0
DA:82,0
DA:83,0
DA:86,0
DA:88,0
DA:89,0
LF:13
LH:2
end_of_record
TN:
SF:/home/solon/Documents/remus/build-coverage/src/metadata/remus-metadata_autogen/EWIEGA46WW/moc_local_database_provider.cpp
FNL:0,106,109
FNA:0,0,_ZNK5Remus21LocalDatabaseProvider10metaObjectEv
FNL:1,111,117
FNA:1,0,_ZN5Remus21LocalDatabaseProvider11qt_metacastEPKc
FNL:2,119,135
FNA:2,0,_ZN5Remus21LocalDatabaseProvider11qt_metacallEN11QMetaObject4CallEiPPv
FNL:3,138,141
FNA:3,9,_ZN5Remus21LocalDatabaseProvider14databaseLoadedERK7QStringi
FNL:4,144,147
FNA:4,0,_ZN5Remus21LocalDatabaseProvider15loadingProgressEii
FNL:5,150,153
FNA:5,0,_ZN5Remus21LocalDatabaseProvider15updateAvailableERK7QStringS3_S3_
FNL:6,85,104
FNA:6,4,_ZN5Remus21LocalDatabaseProvider18qt_static_metacallEP7QObjectN11QMetaObject4CallEiPPv
FNF:7
FNH:2
BRDA:88,0,0,0
BRDA:88,0,1,4
BRDA:89,0,0,-
BRDA:89,0,1,-
BRDA:89,0,2,-
BRDA:89,0,3,-
BRDA:96,0,0,4
BRDA:96,0,1,0
BRDA:97,0,0,2
BRDA:97,0,1,2
BRDA:99,0,0,0
BRDA:99,0,1,2
BRDA:101,0,0,2
BRDA:101,0,1,0
BRDA:108,0,0,-
BRDA:108,0,1,-
BRDA:113,0,0,-
BRDA:113,0,1,-
BRDA:114,0,0,-
BRDA:114,0,1,-
BRDA:122,0,0,-
BRDA:122,0,1,-
BRDA:124,0,0,-
BRDA:124,0,1,-
BRDA:125,0,0,-
BRDA:125,0,1,-
BRDA:129,0,0,-
BRDA:129,0,1,-
BRDA:130,0,0,-
BRDA:130,0,1,-
BRF:30
BRH:6
DA:85,4
DA:87,4
DA:88,4
DA:89,0
DA:90,0
DA:91,0
DA:92,0
DA:93,0
DA:96,4
DA:97,4
DA:98,2
DA:99,2
DA:100,0
DA:101,2
DA:102,2
DA:106,0
DA:108,0
DA:111,0
DA:113,0
DA:114,0
DA:115,0
DA:116,0
DA:119,0
DA:121,0
DA:122,0
DA:123,0
DA:124,0
DA:125,0
DA:126,0
DA:127,0
DA:129,0
DA:130,0
DA:131,0
DA:132,0
DA:134,0
DA:138,9
DA:140,9
DA:141,9
DA:144,0
DA:146,0
DA:147,0
DA:150,0
DA:152,0
DA:153,0
LF:44
LH:12
end_of_record
TN:
SF:/home/solon/Documents/remus/build-coverage/src/metadata/remus-metadata_autogen/EWIEGA46WW/moc_metadata_cache.cpp
FNL:0,63,70
FNA:0,0,_ZN5Remus13MetadataCache18qt_static_metacallEP7QObjectN11QMetaObject4CallEiPPv
FNL:1,72,75
FNA:1,0,_ZNK5Remus13MetadataCache10metaObjectEv
FNL:2,77,83
FNA:2,0,_ZN5Remus13MetadataCache11qt_metacastEPKc
FNL:3,85,89
FNA:3,0,_ZN5Remus13MetadataCache11qt_metacallEN11QMetaObject4CallEiPPv
FNF:4
FNH:0
BRDA:74,0,0,-
BRDA:74,0,1,-
BRDA:79,0,0,-
BRDA:79,0,1,-
BRDA:80,0,0,-
BRDA:80,0,1,-
BRF:6
BRH:0
DA:63,0
DA:65,0
DA:70,0
DA:72,0
DA:74,0
DA:77,0
DA:79,0
DA:80,0
DA:81,0
DA:82,0
DA:85,0
DA:87,0
DA:88,0
LF:13
LH:0
end_of_record
TN:
SF:/home/solon/Documents/remus/build-coverage/src/metadata/remus-metadata_autogen/EWIEGA46WW/moc_metadata_provider.cpp
FNL:0,122,125
FNA:0,0,_ZNK5Remus16MetadataProvider10metaObjectEv
FNL:1,127,133
FNA:1,0,_ZN5Remus16MetadataProvider11qt_metacastEPKc
FNL:2,135,151
FNA:2,0,_ZN5Remus16MetadataProvider11qt_metacallEN11QMetaObject4CallEiPPv
FNL:3,154,157
FNA:3,0,_ZN5Remus16MetadataProvider15searchCompletedERK5QListINS_12SearchResultEE
FNL:4,160,163
FNA:4,0,_ZN5Remus16MetadataProvider15metadataFetchedERKNS_12GameMetadataE
FNL:5,166,169
FNA:5,0,_ZN5Remus16MetadataProvider14artworkFetchedERKNS_11ArtworkUrlsE
FNL:6,172,175
FNA:6,8,_ZN5Remus16MetadataProvider13errorOccurredERK7QString
FNL:7,178,181
FNA:7,0,_ZN5Remus16MetadataProvider16rateLimitReachedEv
FNL:8,95,120
FNA:8,8,_ZN5Remus16MetadataProvider18qt_static_metacallEP7QObjectN11QMetaObject4CallEiPPv
FNF:9
FNH:2
BRDA:98,0,0,0
BRDA:98,0,1,8
BRDA:99,0,0,-
BRDA:99,0,1,-
BRDA:99,0,2,-
BRDA:99,0,3,-
BRDA:99,0,4,-
BRDA:99,0,5,-
BRDA:108,0,0,8
BRDA:108,0,1,0
BRDA:109,0,0,0
BRDA:109,0,1,8
BRDA:111,0,0,0
BRDA:111,0,1,8
BRDA:113,0,0,0
BRDA:113,0,1,8
BRDA:115,0,0,8
BRDA:115,0,1,0
BRDA:117,0,0,-
BRDA:117,0,1,-
BRDA:124,0,0,-
BRDA:124,0,1,-
BRDA:129,0,0,-
BRDA:129,0,1,-
BRDA:130,0,0,-
BRDA:130,0,1,-
BRDA:138,0,0,-
BRDA:138,0,1,-
BRDA:140,0,0,-
BRDA:140,0,1,-
BRDA:141,0,0,-
BRDA:141,0,1,-
BRDA:145,0,0,-
BRDA:145,0,1,-
BRDA:146,0,0,-
BRDA:146,0,1,-
BRF:36
BRH:6
DA:95,8
DA:97,8
DA:98,8
DA:99,0
DA:100,0
DA:101,0
DA:102,0
DA:103,0
DA:104,0
DA:105,0
DA:108,8
DA:109,8
DA:110,0
DA:111,8
DA:112,0
DA:113,8
DA:114,0
DA:115,8
DA:116,8
DA:117,0
DA:118,0
DA:122,0
DA:124,0
DA:127,0
DA:129,0
DA:130,0
DA:131,0
DA:132,0
DA:135,0
DA:137,0
DA:138,0
DA:139,0
DA:140,0
DA:141,0
DA:142,0
DA:143,0
DA:145,0
DA:146,0
DA:147,0
DA:148,0
DA:150,0
DA:154,0
DA:156,0
DA:157,0
DA:160,0
DA:162,0
DA:163,0
DA:166,0
DA:168,0
DA:169,0
DA:172,8
DA:174,8
DA:175,8
DA:178,0
DA:180,0
DA:181,0
LF:56
LH:12
end_of_record
TN:
SF:/home/solon/Documents/remus/build-coverage/src/metadata/remus-metadata_autogen/EWIEGA46WW/moc_provider_orchestrator.cpp
FNL:0,109,112
FNA:0,12,_ZNK5Remus20ProviderOrchestrator10metaObjectEv
FNL:1,114,120
FNA:1,0,_ZN5Remus20ProviderOrchestrator11qt_metacastEPKc
FNL:2,122,138
FNA:2,0,_ZN5Remus20ProviderOrchestrator11qt_metacallEN11QMetaObject4CallEiPPv
FNL:3,141,144
FNA:3,9,_ZN5Remus20ProviderOrchestrator14tryingProviderERK7QStringS3_
FNL:4,147,150
FNA:4,6,_ZN5Remus20ProviderOrchestrator17providerSucceededERK7QStringS3_
FNL:5,153,156
FNA:5,3,_ZN5Remus20ProviderOrchestrator14providerFailedERK7QStringS3_
FNL:6,159,162
FNA:6,0,_ZN5Remus20ProviderOrchestrator18allProvidersFailedEv
FNL:7,85,107
FNA:7,6,_ZN5Remus20ProviderOrchestrator18qt_static_metacallEP7QObjectN11QMetaObject4CallEiPPv
FNF:8
FNH:5
BRDA:88,0,0,0
BRDA:88,0,1,6
BRDA:89,0,0,-
BRDA:89,0,1,-
BRDA:89,0,2,-
BRDA:89,0,3,-
BRDA:89,0,4,-
BRDA:97,0,0,6
BRDA:97,0,1,0
BRDA:98,0,0,3
BRDA:98,0,1,3
BRDA:100,0,0,3
BRDA:100,0,1,0
BRDA:102,0,0,-
BRDA:102,0,1,-
BRDA:104,0,0,-
BRDA:104,0,1,-
BRDA:111,0,0,0
BRDA:111,0,1,12
BRDA:116,0,0,-
BRDA:116,0,1,-
BRDA:117,0,0,-
BRDA:117,0,1,-
BRDA:125,0,0,-
BRDA:125,0,1,-
BRDA:127,0,0,-
BRDA:127,0,1,-
BRDA:128,0,0,-
BRDA:128,0,1,-
BRDA:132,0,0,-
BRDA:132,0,1,-
BRDA:133,0,0,-
BRDA:133,0,1,-
BRF:33
BRH:6
DA:85,6
DA:87,6
DA:88,6
DA:89,0
DA:90,0
DA:91,0
DA:92,0
DA:93,0
DA:94,0
DA:97,6
DA:98,6
DA:99,3
DA:100,3
DA:101,3
DA:102,0
DA:103,0
DA:104,0
DA:105,0
DA:109,12
DA:111,12
DA:114,0
DA:116,0
DA:117,0
DA:118,0
DA:119,0
DA:122,0
DA:124,0
DA:125,0
DA:126,0
DA:127,0
DA:128,0
DA:129,0
DA:130,0
DA:132,0
DA:133,0
DA:134,0
DA:135,0
DA:137,0
DA:141,9
DA:143,9
DA:144,9
DA:147,6
DA:149,6
DA:150,6
DA:153,3
DA:155,3
DA:156,3
DA:159,0
DA:161,0
DA:162,0
LF:50
LH:19
end_of_record
TN:
SF:/home/solon/Documents/remus/build-coverage/src/metadata/remus-metadata_autogen/EWIEGA46WW/moc_rate_limiter.cpp
FNL:0,63,70
FNA:0,0,_ZN5Remus11RateLimiter18qt_static_metacallEP7QObjectN11QMetaObject4CallEiPPv
FNL:1,72,75
FNA:1,0,_ZNK5Remus11RateLimiter10metaObjectEv
FNL:2,77,83
FNA:2,0,_ZN5Remus11RateLimiter11qt_metacastEPKc
FNL:3,85,89
FNA:3,0,_ZN5Remus11RateLimiter11qt_metacallEN11QMetaObject4CallEiPPv
FNF:4
FNH:0
BRDA:74,0,0,-
BRDA:74,0,1,-
BRDA:79,0,0,-
BRDA:79,0,1,-
BRDA:80,0,0,-
BRDA:80,0,1,-
BRF:6
BRH:0
DA:63,0
DA:65,0
DA:70,0
DA:72,0
DA:74,0
DA:77,0
DA:79,0
DA:80,0
DA:81,0
DA:82,0
DA:85,0
DA:87,0
DA:88,0
LF:13
LH:0
end_of_record
TN:
SF:/home/solon/Documents/remus/build-coverage/src/metadata/remus-metadata_autogen/EWIEGA46WW/moc_screenscraper_provider.cpp
FNL:0,64,71
FNA:0,0,_ZN5Remus21ScreenScraperProvider18qt_static_metacallEP7QObjectN11QMetaObject4CallEiPPv
FNL:1,73,76
FNA:1,4,_ZNK5Remus21ScreenScraperProvider10metaObjectEv
FNL:2,78,84
FNA:2,0,_ZN5Remus21ScreenScraperProvider11qt_metacastEPKc
FNL:3,86,90
FNA:3,0,_ZN5Remus21ScreenScraperProvider11qt_metacallEN11QMetaObject4CallEiPPv
FNF:4
FNH:1
BRDA:75,0,0,0
BRDA:75,0,1,4
BRDA:80,0,0,-
BRDA:80,0,1,-
BRDA:81,0,0,-
BRDA:81,0,1,-
BRF:6
BRH:1
DA:64,0
DA:66,0
DA:71,0
DA:73,4
DA:75,4
DA:78,0
DA:80,0
DA:81,0
DA:82,0
DA:83,0
DA:86,0
DA:88,0
DA:89,0
LF:13
LH:2
end_of_record
TN:
SF:/home/solon/Documents/remus/build-coverage/src/metadata/remus-metadata_autogen/EWIEGA46WW/moc_thegamesdb_provider.cpp
FNL:0,64,71
FNA:0,0,_ZN5Remus18TheGamesDBProvider18qt_static_metacallEP7QObjectN11QMetaObject4CallEiPPv
FNL:1,73,76
FNA:1,4,_ZNK5Remus18TheGamesDBProvider10metaObjectEv
FNL:2,78,84
FNA:2,0,_ZN5Remus18TheGamesDBProvider11qt_metacastEPKc
FNL:3,86,90
FNA:3,0,_ZN5Remus18TheGamesDBProvider11qt_metacallEN11QMetaObject4CallEiPPv
FNF:4
FNH:1
BRDA:75,0,0,0
BRDA:75,0,1,4
BRDA:80,0,0,-
BRDA:80,0,1,-
BRDA:81,0,0,-
BRDA:81,0,1,-
BRF:6
BRH:1
DA:64,0
DA:66,0
DA:71,0
DA:73,4
DA:75,4
DA:78,0
DA:80,0
DA:81,0
DA:82,0
DA:83,0
DA:86,0
DA:88,0
DA:89,0
LF:13
LH:2
end_of_record
TN:
SF:/home/solon/Documents/remus/build-coverage/src/ui/remus-ui_autogen/7CL2LH2DRO/moc_artwork_controller.cpp
FNL:0,195,266
FNA:0,0,_ZN5Remus17ArtworkController18qt_static_metacallEP7QObjectN11QMetaObject4CallEiPPv
FNL:1,268,271
FNA:1,0,_ZNK5Remus17ArtworkController10metaObjectEv
FNL:2,273,279
FNA:2,0,_ZN5Remus17ArtworkController11qt_metacastEPKc
FNL:3,281,303
FNA:3,0,_ZN5Remus17ArtworkController11qt_metacallEN11QMetaObject4CallEiPPv
FNL:4,306,309
FNA:4,0,_ZN5Remus17ArtworkController18downloadingChangedEv
FNL:5,312,315
FNA:5,0,_ZN5Remus17ArtworkController23downloadProgressChangedEv
FNL:6,318,321
FNA:6,0,_ZN5Remus17ArtworkController20downloadTotalChangedEv
FNL:7,324,327
FNA:7,0,_ZN5Remus17ArtworkController22artworkBasePathChangedEv
FNL:8,330,333
FNA:8,0,_ZN5Remus17ArtworkController17artworkDownloadedEiRK7QStringS3_
FNL:9,336,339
FNA:9,0,_ZN5Remus17ArtworkController13artworkFailedEiRK7QStringS3_
FNL:10,342,345
FNA:10,0,_ZN5Remus17ArtworkController22batchDownloadCompletedEii
FNF:11
FNH:0
BRDA:198,0,0,-
BRDA:198,0,1,-
BRDA:199,0,0,-
BRDA:199,0,1,-
BRDA:199,0,2,-
BRDA:199,0,3,-
BRDA:199,0,4,-
BRDA:199,0,5,-
BRDA:199,0,6,-
BRDA:199,0,7,-
BRDA:199,0,8,-
BRDA:199,0,9,-
BRDA:199,0,10,-
BRDA:199,0,11,-
BRDA:199,0,12,-
BRDA:199,0,13,-
BRDA:199,0,14,-
BRDA:199,0,15,-
BRDA:199,0,16,-
BRDA:199,0,17,-
BRDA:199,0,18,-
BRDA:199,0,19,-
BRDA:199,0,20,-
BRDA:199,0,21,-
BRDA:199,0,22,-
BRDA:207,0,0,-
BRDA:207,e0,1,-
BRDA:208,0,0,-
BRDA:208,0,1,-
BRDA:209,0,0,-
BRDA:209,e0,1,-
BRDA:210,0,0,-
BRDA:210,0,1,-
BRDA:211,0,0,-
BRDA:211,e0,1,-
BRDA:212,0,0,-
BRDA:212,0,1,-
BRDA:214,0,0,-
BRDA:214,e0,1,-
BRDA:217,0,0,-
BRDA:217,e0,1,-
BRDA:219,0,0,-
BRDA:219,e0,1,-
BRDA:220,0,0,-
BRDA:220,0,1,-
BRDA:221,0,0,-
BRDA:221,e0,1,-
BRDA:222,0,0,-
BRDA:222,0,1,-
BRDA:223,0,0,-
BRDA:223,e0,1,-
BRDA:224,0,0,-
BRDA:224,0,1,-
BRDA:225,0,0,-
BRDA:225,e0,1,-
BRDA:226,0,0,-
BRDA:226,0,1,-
BRDA:227,0,0,-
BRDA:227,e0,1,-
BRDA:228,0,0,-
BRDA:228,0,1,-
BRDA:233,0,0,-
BRDA:233,0,1,-
BRDA:234,0,0,-
BRDA:234,0,1,-
BRDA:236,0,0,-
BRDA:236,0,1,-
BRDA:238,0,0,-
BRDA:238,0,1,-
BRDA:240,0,0,-
BRDA:240,0,1,-
BRDA:242,0,0,-
BRDA:242,0,1,-
BRDA:244,0,0,-
BRDA:244,0,1,-
BRDA:246,0,0,-
BRDA:246,0,1,-
BRDA:249,0,0,-
BRDA:249,0,1,-
BRDA:251,0,0,-
BRDA:251,0,1,-
BRDA:251,0,2,-
BRDA:251,0,3,-
BRDA:251,0,4,-
BRDA:259,0,0,-
BRDA:259,0,1,-
BRDA:261,0,0,-
BRDA:261,0,1,-
BRDA:270,0,0,-
BRDA:270,0,1,-
BRDA:275,0,0,-
BRDA:275,0,1,-
BRDA:276,0,0,-
BRDA:276,0,1,-
BRDA:284,0,0,-
BRDA:284,0,1,-
BRDA:286,0,0,-
BRDA:286,0,1,-
BRDA:287,0,0,-
BRDA:287,0,1,-
BRDA:291,0,0,-
BRDA:291,0,1,-
BRDA:292,0,0,-
BRDA:292,0,1,-
BRDA:296,0,0,-
BRDA:296,0,1,-
BRDA:296,0,2,-
BRDA:296,0,3,-
BRDA:297,0,0,-
BRDA:297,0,1,-
BRDA:297,0,2,-
BRDA:297,0,3,-
BRDA:298,0,0,-
BRDA:298,0,1,-
BRF:114
BRH:0
DA:195,0
DA:197,0
DA:198,0
DA:199,0
DA:200,0
DA:201,0
DA:202,0
DA:203,0
DA:204,0
DA:205,0
DA:206,0
DA:207,0
DA:208,0
DA:209,0
DA:210,0
DA:211,0
DA:212,0
DA:213,0
DA:214,0
DA:215,0
DA:216,0
DA:217,0
DA:218,0
DA:219,0
DA:220,0
DA:221,0
DA:222,0
DA:223,0
DA:224,0
DA:225,0
DA:226,0
DA:227,0
DA:228,0
DA:229,0
DA:230,0
DA:233,0
DA:234,0
DA:235,0
DA:236,0
DA:237,0
DA:238,0
DA:239,0
DA:240,0
DA:241,0
DA:242,0
DA:243,0
DA:244,0
DA:245,0
DA:246,0
DA:247,0
DA:249,0
DA:250,0
DA:251,0
DA:252,0
DA:253,0
DA:254,0
DA:255,0
DA:256,0
DA:259,0
DA:260,0
DA:261,0
DA:262,0
DA:263,0
DA:268,0
DA:270,0
DA:273,0
DA:275,0
DA:276,0
DA:277,0
DA:278,0
DA:281,0
DA:283,0
DA:284,0
DA:285,0
DA:286,0
DA:287,0
DA:288,0
DA:289,0
DA:291,0
DA:292,0
DA:293,0
DA:294,0
DA:296,0
DA:297,0
DA:298,0
DA:299,0
DA:300,0
DA:302,0
DA:306,0
DA:308,0
DA:309,0
DA:312,0
DA:314,0
DA:315,0
DA:318,0
DA:320,0
DA:321,0
DA:324,0
DA:326,0
DA:327,0
DA:330,0
DA:332,0
DA:333,0
DA:336,0
DA:338,0
DA:339,0
DA:342,0
DA:344,0
DA:345,0
LF:109
LH:0
end_of_record
TN:
SF:/home/solon/Documents/remus/build-coverage/src/ui/remus-ui_autogen/7CL2LH2DRO/moc_conversion_controller.cpp
FNL:0,105,137
FNA:0,0,_ZN5Remus20ConversionController18qt_static_metacallEP7QObjectN11QMetaObject4CallEiPPv
FNL:1,139,142
FNA:1,0,_ZNK5Remus20ConversionController10metaObjectEv
FNL:2,144,150
FNA:2,0,_ZN5Remus20ConversionController11qt_metacastEPKc
FNL:3,152,174
FNA:3,0,_ZN5Remus20ConversionController11qt_metacallEN11QMetaObject4CallEiPPv
FNL:4,177,180
FNA:4,0,_ZN5Remus20ConversionController17convertingChangedEv
FNL:5,183,186
FNA:5,0,_ZN5Remus20ConversionController18conversionProgressEi
FNL:6,189,192
FNA:6,0,_ZN5Remus20ConversionController19conversionCompletedERK7QString
FNL:7,195,198
FNA:7,0,_ZN5Remus20ConversionController15conversionErrorERK7QString
FNF:8
FNH:0
BRDA:108,0,0,-
BRDA:108,0,1,-
BRDA:109,0,0,-
BRDA:109,0,1,-
BRDA:109,0,2,-
BRDA:109,0,3,-
BRDA:109,0,4,-
BRDA:109,0,5,-
BRDA:109,0,6,-
BRDA:109,0,7,-
BRDA:120,0,0,-
BRDA:120,0,1,-
BRDA:121,0,0,-
BRDA:121,0,1,-
BRDA:123,0,0,-
BRDA:123,0,1,-
BRDA:125,0,0,-
BRDA:125,0,1,-
BRDA:127,0,0,-
BRDA:127,0,1,-
BRDA:130,0,0,-
BRDA:130,0,1,-
BRDA:132,0,0,-
BRDA:132,0,1,-
BRDA:141,0,0,-
BRDA:141,0,1,-
BRDA:146,0,0,-
BRDA:146,0,1,-
BRDA:147,0,0,-
BRDA:147,0,1,-
BRDA:155,0,0,-
BRDA:155,0,1,-
BRDA:157,0,0,-
BRDA:157,0,1,-
BRDA:158,0,0,-
BRDA:158,0,1,-
BRDA:162,0,0,-
BRDA:162,0,1,-
BRDA:163,0,0,-
BRDA:163,0,1,-
BRDA:167,0,0,-
BRDA:167,0,1,-
BRDA:167,0,2,-
BRDA:167,0,3,-
BRDA:168,0,0,-
BRDA:168,0,1,-
BRDA:168,0,2,-
BRDA:168,0,3,-
BRDA:169,0,0,-
BRDA:169,0,1,-
BRF:50
BRH:0
DA:105,0
DA:107,0
DA:108,0
DA:109,0
DA:110,0
DA:111,0
DA:112,0
DA:113,0
DA:114,0
DA:115,0
DA:116,0
DA:117,0
DA:120,0
DA:121,0
DA:122,0
DA:123,0
DA:124,0
DA:125,0
DA:126,0
DA:127,0
DA:128,0
DA:130,0
DA:131,0
DA:132,0
DA:133,0
DA:134,0
DA:139,0
DA:141,0
DA:144,0
DA:146,0
DA:147,0
DA:148,0
DA:149,0
DA:152,0
DA:154,0
DA:155,0
DA:156,0
DA:157,0
DA:158,0
DA:159,0
DA:160,0
DA:162,0
DA:163,0
DA:164,0
DA:165,0
DA:167,0
DA:168,0
DA:169,0
DA:170,0
DA:171,0
DA:173,0
DA:177,0
DA:179,0
DA:180,0
DA:183,0
DA:185,0
DA:186,0
DA:189,0
DA:191,0
DA:192,0
DA:195,0
DA:197,0
DA:198,0
LF:63
LH:0
end_of_record
TN:
SF:/home/solon/Documents/remus/build-coverage/src/ui/remus-ui_autogen/7CL2LH2DRO/moc_dat_manager_controller.cpp
FNL:0,118,156
FNA:0,2,_ZN5Remus20DatManagerController18qt_static_metacallEP7QObjectN11QMetaObject4CallEiPPv
FNL:1,158,161
FNA:1,8,_ZNK5Remus20DatManagerController10metaObjectEv
FNL:2,163,169
FNA:2,0,_ZN5Remus20DatManagerController11qt_metacastEPKc
FNL:3,171,193
FNA:3,0,_ZN5Remus20DatManagerController11qt_metacallEN11QMetaObject4CallEiPPv
FNL:4,196,199
FNA:4,0,_ZN5Remus20DatManagerController11datsChangedEv
FNL:5,202,205
FNA:5,0,_ZN5Remus20DatManagerController9datLoadedERK7QStringi
FNL:6,208,211
FNA:6,0,_ZN5Remus20DatManagerController15updateAvailableERK7QStringS3_S3_
FNL:7,214,217
FNA:7,4,_ZN5Remus20DatManagerController5errorERK7QString
FNF:8
FNH:3
BRDA:121,0,0,0
BRDA:121,0,1,2
BRDA:122,0,0,-
BRDA:122,0,1,-
BRDA:122,0,2,-
BRDA:122,0,3,-
BRDA:122,0,4,-
BRDA:122,0,5,-
BRDA:122,0,6,-
BRDA:122,0,7,-
BRDA:122,0,8,-
BRDA:122,0,9,-
BRDA:128,0,0,-
BRDA:128,e0,1,-
BRDA:129,0,0,-
BRDA:129,0,1,-
BRDA:130,0,0,-
BRDA:130,e0,1,-
BRDA:131,0,0,-
BRDA:131,0,1,-
BRDA:132,0,0,-
BRDA:132,e0,1,-
BRDA:133,0,0,-
BRDA:133,0,1,-
BRDA:134,0,0,-
BRDA:134,e0,1,-
BRDA:135,0,0,-
BRDA:135,0,1,-
BRDA:139,0,0,2
BRDA:139,0,1,0
BRDA:140,0,0,0
BRDA:140,0,1,2
BRDA:142,0,0,0
BRDA:142,0,1,2
BRDA:144,0,0,0
BRDA:144,0,1,2
BRDA:146,0,0,2
BRDA:146,0,1,0
BRDA:149,0,0,-
BRDA:149,0,1,-
BRDA:151,0,0,-
BRDA:151,0,1,-
BRDA:152,0,0,-
BRDA:152,e0,1,-
BRDA:160,0,0,0
BRDA:160,0,1,8
BRDA:165,0,0,-
BRDA:165,0,1,-
BRDA:166,0,0,-
BRDA:166,0,1,-
BRDA:174,0,0,-
BRDA:174,0,1,-
BRDA:176,0,0,-
BRDA:176,0,1,-
BRDA:177,0,0,-
BRDA:177,0,1,-
BRDA:181,0,0,-
BRDA:181,0,1,-
BRDA:182,0,0,-
BRDA:182,0,1,-
BRDA:186,0,0,-
BRDA:186,0,1,-
BRDA:186,0,2,-
BRDA:186,0,3,-
BRDA:187,0,0,-
BRDA:187,0,1,-
BRDA:187,0,2,-
BRDA:187,0,3,-
BRDA:188,0,0,-
BRDA:188,0,1,-
BRF:70
BRH:7
DA:118,2
DA:120,2
DA:121,2
DA:122,0
DA:123,0
DA:124,0
DA:125,0
DA:126,0
DA:127,0
DA:128,0
DA:129,0
DA:130,0
DA:131,0
DA:132,0
DA:133,0
DA:134,0
DA:135,0
DA:136,0
DA:139,2
DA:140,2
DA:141,0
DA:142,2
DA:143,0
DA:144,2
DA:145,0
DA:146,2
DA:147,2
DA:149,0
DA:150,0
DA:151,0
DA:152,0
DA:153,0
DA:158,8
DA:160,8
DA:163,0
DA:165,0
DA:166,0
DA:167,0
DA:168,0
DA:171,0
DA:173,0
DA:174,0
DA:175,0
DA:176,0
DA:177,0
DA:178,0
DA:179,0
DA:181,0
DA:182,0
DA:183,0
DA:184,0
DA:186,0
DA:187,0
DA:188,0
DA:189,0
DA:190,0
DA:192,0
DA:196,0
DA:198,0
DA:199,0
DA:202,0
DA:204,0
DA:205,0
DA:208,0
DA:210,0
DA:211,0
DA:214,4
DA:216,4
DA:217,4
LF:69
LH:14
end_of_record
TN:
SF:/home/solon/Documents/remus/build-coverage/src/ui/remus-ui_autogen/7CL2LH2DRO/moc_export_controller.cpp
FNL:0,208,283
FNA:0,0,_ZN5Remus16ExportController18qt_static_metacallEP7QObjectN11QMetaObject4CallEiPPv
FNL:1,285,288
FNA:1,0,_ZNK5Remus16ExportController10metaObjectEv
FNL:2,290,296
FNA:2,0,_ZN5Remus16ExportController11qt_metacastEPKc
FNL:3,298,320
FNA:3,0,_ZN5Remus16ExportController11qt_metacallEN11QMetaObject4CallEiPPv
FNL:4,323,326
FNA:4,0,_ZN5Remus16ExportController16exportingChangedEv
FNL:5,329,332
FNA:5,0,_ZN5Remus16ExportController21exportProgressChangedEv
FNL:6,335,338
FNA:6,0,_ZN5Remus16ExportController18exportTotalChangedEv
FNL:7,341,344
FNA:7,0,_ZN5Remus16ExportController21lastExportPathChangedEv
FNL:8,347,350
FNA:8,0,_ZN5Remus16ExportController13exportStartedERK7QString
FNL:9,353,356
FNA:9,0,_ZN5Remus16ExportController15exportCompletedERK7QStringiS3_
FNL:10,359,362
FNA:10,0,_ZN5Remus16ExportController12exportFailedERK7QStringS3_
FNL:11,365,368
FNA:11,0,_ZN5Remus16ExportController14exportProgressEiiRK7QString
FNF:12
FNH:0
BRDA:211,0,0,-
BRDA:211,0,1,-
BRDA:212,0,0,-
BRDA:212,0,1,-
BRDA:212,0,2,-
BRDA:212,0,3,-
BRDA:212,0,4,-
BRDA:212,0,5,-
BRDA:212,0,6,-
BRDA:212,0,7,-
BRDA:212,0,8,-
BRDA:212,0,9,-
BRDA:212,0,10,-
BRDA:212,0,11,-
BRDA:212,0,12,-
BRDA:212,0,13,-
BRDA:212,0,14,-
BRDA:212,0,15,-
BRDA:212,0,16,-
BRDA:212,0,17,-
BRDA:212,0,18,-
BRDA:212,0,19,-
BRDA:212,0,20,-
BRDA:212,0,21,-
BRDA:212,0,22,-
BRDA:212,0,23,-
BRDA:212,0,24,-
BRDA:221,0,0,-
BRDA:221,e0,1,-
BRDA:222,0,0,-
BRDA:222,0,1,-
BRDA:223,0,0,-
BRDA:223,e0,1,-
BRDA:224,0,0,-
BRDA:224,0,1,-
BRDA:225,0,0,-
BRDA:225,e0,1,-
BRDA:226,0,0,-
BRDA:226,0,1,-
BRDA:227,0,0,-
BRDA:227,e0,1,-
BRDA:228,0,0,-
BRDA:228,0,1,-
BRDA:229,0,0,-
BRDA:229,e0,1,-
BRDA:230,0,0,-
BRDA:230,0,1,-
BRDA:231,0,0,-
BRDA:231,e0,1,-
BRDA:232,0,0,-
BRDA:232,0,1,-
BRDA:233,0,0,-
BRDA:233,e0,1,-
BRDA:234,0,0,-
BRDA:234,0,1,-
BRDA:235,0,0,-
BRDA:235,e0,1,-
BRDA:236,0,0,-
BRDA:236,0,1,-
BRDA:237,0,0,-
BRDA:237,e0,1,-
BRDA:238,0,0,-
BRDA:238,0,1,-
BRDA:239,0,0,-
BRDA:239,e0,1,-
BRDA:240,0,0,-
BRDA:240,0,1,-
BRDA:241,0,0,-
BRDA:241,e0,1,-
BRDA:242,0,0,-
BRDA:242,0,1,-
BRDA:243,0,0,-
BRDA:243,e0,1,-
BRDA:244,0,0,-
BRDA:244,0,1,-
BRDA:245,0,0,-
BRDA:245,e0,1,-
BRDA:246,0,0,-
BRDA:246,0,1,-
BRDA:247,0,0,-
BRDA:247,e0,1,-
BRDA:248,0,0,-
BRDA:248,0,1,-
BRDA:250,0,0,-
BRDA:250,e0,1,-
BRDA:251,0,0,-
BRDA:251,0,1,-
BRDA:255,0,0,-
BRDA:255,0,1,-
BRDA:256,0,0,-
BRDA:256,0,1,-
BRDA:258,0,0,-
BRDA:258,0,1,-
BRDA:260,0,0,-
BRDA:260,0,1,-
BRDA:262,0,0,-
BRDA:262,0,1,-
BRDA:264,0,0,-
BRDA:264,0,1,-
BRDA:266,0,0,-
BRDA:266,0,1,-
BRDA:268,0,0,-
BRDA:268,0,1,-
BRDA:270,0,0,-
BRDA:270,0,1,-
BRDA:273,0,0,-
BRDA:273,0,1,-
BRDA:275,0,0,-
BRDA:275,0,1,-
BRDA:275,0,2,-
BRDA:275,0,3,-
BRDA:275,0,4,-
BRDA:287,0,0,-
BRDA:287,0,1,-
BRDA:292,0,0,-
BRDA:292,0,1,-
BRDA:293,0,0,-
BRDA:293,0,1,-
BRDA:301,0,0,-
BRDA:301,0,1,-
BRDA:303,0,0,-
BRDA:303,0,1,-
BRDA:304,0,0,-
BRDA:304,0,1,-
BRDA:308,0,0,-
BRDA:308,0,1,-
BRDA:309,0,0,-
BRDA:309,0,1,-
BRDA:313,0,0,-
BRDA:313,0,1,-
BRDA:313,0,2,-
BRDA:313,0,3,-
BRDA:314,0,0,-
BRDA:314,0,1,-
BRDA:314,0,2,-
BRDA:314,0,3,-
BRDA:315,0,0,-
BRDA:315,0,1,-
BRF:138
BRH:0
DA:208,0
DA:210,0
DA:211,0
DA:212,0
DA:213,0
DA:214,0
DA:215,0
DA:216,0
DA:217,0
DA:218,0
DA:219,0
DA:220,0
DA:221,0
DA:222,0
DA:223,0
DA:224,0
DA:225,0
DA:226,0
DA:227,0
DA:228,0
DA:229,0
DA:230,0
DA:231,0
DA:232,0
DA:233,0
DA:234,0
DA:235,0
DA:236,0
DA:237,0
DA:238,0
DA:239,0
DA:240,0
DA:241,0
DA:242,0
DA:243,0
DA:244,0
DA:245,0
DA:246,0
DA:247,0
DA:248,0
DA:249,0
DA:250,0
DA:251,0
DA:252,0
DA:255,0
DA:256,0
DA:257,0
DA:258,0
DA:259,0
DA:260,0
DA:261,0
DA:262,0
DA:263,0
DA:264,0
DA:265,0
DA:266,0
DA:267,0
DA:268,0
DA:269,0
DA:270,0
DA:271,0
DA:273,0
DA:274,0
DA:275,0
DA:276,0
DA:277,0
DA:278,0
DA:279,0
DA:280,0
DA:285,0
DA:287,0
DA:290,0
DA:292,0
DA:293,0
DA:294,0
DA:295,0
DA:298,0
DA:300,0
DA:301,0
DA:302,0
DA:303,0
DA:304,0
DA:305,0
DA:306,0
DA:308,0
DA:309,0
DA:310,0
DA:311,0
DA:313,0
DA:314,0
DA:315,0
DA:316,0
DA:317,0
DA:319,0
DA:323,0
DA:325,0
DA:326,0
DA:329,0
DA:331,0
DA:332,0
DA:335,0
DA:337,0
DA:338,0
DA:341,0
DA:343,0
DA:344,0
DA:347,0
DA:349,0
DA:350,0
DA:353,0
DA:355,0
DA:356,0
DA:359,0
DA:361,0
DA:362,0
DA:365,0
DA:367,0
DA:368,0
LF:118
LH:0
end_of_record
TN:
SF:/home/solon/Documents/remus/build-coverage/src/ui/remus-ui_autogen/7CL2LH2DRO/moc_library_controller.cpp
FNL:0,187,260
FNA:0,9,_ZN5Remus17LibraryController18qt_static_metacallEP7QObjectN11QMetaObject4CallEiPPv
FNL:1,262,265
FNA:1,18,_ZNK5Remus17LibraryController10metaObjectEv
FNL:2,267,273
FNA:2,0,_ZN5Remus17LibraryController11qt_metacastEPKc
FNL:3,275,297
FNA:3,0,_ZN5Remus17LibraryController11qt_metacallEN11QMetaObject4CallEiPPv
FNL:4,300,303
FNA:4,6,_ZN5Remus17LibraryController15scanningChangedEv
FNL:5,306,309
FNA:5,6,_ZN5Remus17LibraryController14hashingChangedEv
FNL:6,312,315
FNA:6,0,_ZN5Remus17LibraryController19scanProgressChangedEv
FNL:7,318,321
FNA:7,0,_ZN5Remus17LibraryController16scanTotalChangedEv
FNL:8,324,327
FNA:8,6,_ZN5Remus17LibraryController17scanStatusChangedEv
FNL:9,330,333
FNA:9,3,_ZN5Remus17LibraryController11scanStartedEv
FNL:10,336,339
FNA:10,3,_ZN5Remus17LibraryController13scanCompletedEi
FNL:11,342,345
FNA:11,3,_ZN5Remus17LibraryController9scanErrorERK7QString
FNL:12,348,351
FNA:12,3,_ZN5Remus17LibraryController14hashingStartedEv
FNL:13,354,357
FNA:13,3,_ZN5Remus17LibraryController15hashingProgressEii
FNL:14,360,363
FNA:14,3,_ZN5Remus17LibraryController16hashingCompletedEi
FNL:15,366,369
FNA:15,6,_ZN5Remus17LibraryController14libraryUpdatedEv
FNF:16
FNH:12
BRDA:190,0,0,0
BRDA:190,0,1,9
BRDA:191,0,0,-
BRDA:191,0,1,-
BRDA:191,0,2,-
BRDA:191,0,3,-
BRDA:191,0,4,-
BRDA:191,0,5,-
BRDA:191,0,6,-
BRDA:191,0,7,-
BRDA:191,0,8,-
BRDA:191,0,9,-
BRDA:191,0,10,-
BRDA:191,0,11,-
BRDA:191,0,12,-
BRDA:191,0,13,-
BRDA:191,0,14,-
BRDA:191,0,15,-
BRDA:191,0,16,-
BRDA:191,0,17,-
BRDA:191,0,18,-
BRDA:191,0,19,-
BRDA:191,0,20,-
BRDA:191,0,21,-
BRDA:191,0,22,-
BRDA:191,0,23,-
BRDA:191,0,24,-
BRDA:191,0,25,-
BRDA:214,0,0,-
BRDA:214,e0,1,-
BRDA:215,0,0,-
BRDA:215,0,1,-
BRDA:216,0,0,-
BRDA:216,e0,1,-
BRDA:217,0,0,-
BRDA:217,0,1,-
BRDA:218,0,0,-
BRDA:218,e0,1,-
BRDA:219,0,0,-
BRDA:219,0,1,-
BRDA:223,0,0,9
BRDA:223,0,1,0
BRDA:224,0,0,0
BRDA:224,0,1,9
BRDA:226,0,0,0
BRDA:226,0,1,9
BRDA:228,0,0,0
BRDA:228,0,1,9
BRDA:230,0,0,0
BRDA:230,0,1,9
BRDA:232,0,0,0
BRDA:232,0,1,9
BRDA:234,0,0,0
BRDA:234,0,1,9
BRDA:236,0,0,3
BRDA:236,0,1,6
BRDA:238,0,0,3
BRDA:238,0,1,3
BRDA:240,0,0,0
BRDA:240,0,1,3
BRDA:242,0,0,0
BRDA:242,0,1,3
BRDA:244,0,0,3
BRDA:244,0,1,0
BRDA:246,0,0,-
BRDA:246,0,1,-
BRDA:249,0,0,-
BRDA:249,0,1,-
BRDA:251,0,0,-
BRDA:251,0,1,-
BRDA:251,0,2,-
BRDA:251,0,3,-
BRDA:251,0,4,-
BRDA:251,0,5,-
BRDA:264,0,0,0
BRDA:264,0,1,18
BRDA:269,0,0,-
BRDA:269,0,1,-
BRDA:270,0,0,-
BRDA:270,0,1,-
BRDA:278,0,0,-
BRDA:278,0,1,-
BRDA:280,0,0,-
BRDA:280,0,1,-
BRDA:281,0,0,-
BRDA:281,0,1,-
BRDA:285,0,0,-
BRDA:285,0,1,-
BRDA:286,0,0,-
BRDA:286,0,1,-
BRDA:290,0,0,-
BRDA:290,0,1,-
BRDA:290,0,2,-
BRDA:290,0,3,-
BRDA:291,0,0,-
BRDA:291,0,1,-
BRDA:291,0,2,-
BRDA:291,0,3,-
BRDA:292,0,0,-
BRDA:292,0,1,-
BRF:100
BRH:16
DA:187,9
DA:189,9
DA:190,9
DA:191,0
DA:192,0
DA:193,0
DA:194,0
DA:195,0
DA:196,0
DA:197,0
DA:198,0
DA:199,0
DA:200,0
DA:201,0
DA:202,0
DA:203,0
DA:204,0
DA:205,0
DA:206,0
DA:207,0
DA:208,0
DA:209,0
DA:210,0
DA:211,0
DA:212,0
DA:213,0
DA:214,0
DA:215,0
DA:216,0
DA:217,0
DA:218,0
DA:219,0
DA:220,0
DA:223,9
DA:224,9
DA:225,0
DA:226,9
DA:227,0
DA:228,9
DA:229,0
DA:230,9
DA:231,0
DA:232,9
DA:233,0
DA:234,9
DA:235,0
DA:236,9
DA:237,3
DA:238,6
DA:239,3
DA:240,3
DA:241,0
DA:242,3
DA:243,0
DA:244,3
DA:245,3
DA:246,0
DA:247,0
DA:249,0
DA:250,0
DA:251,0
DA:252,0
DA:253,0
DA:254,0
DA:255,0
DA:256,0
DA:257,0
DA:262,18
DA:264,18
DA:267,0
DA:269,0
DA:270,0
DA:271,0
DA:272,0
DA:275,0
DA:277,0
DA:278,0
DA:279,0
DA:280,0
DA:281,0
DA:282,0
DA:283,0
DA:285,0
DA:286,0
DA:287,0
DA:288,0
DA:290,0
DA:291,0
DA:292,0
DA:293,0
DA:294,0
DA:296,0
DA:300,6
DA:302,6
DA:303,6
DA:306,6
DA:308,6
DA:309,6
DA:312,0
DA:314,0
DA:315,0
DA:318,0
DA:320,0
DA:321,0
DA:324,6
DA:326,6
DA:327,6
DA:330,3
DA:332,3
DA:333,3
DA:336,3
DA:338,3
DA:339,3
DA:342,3
DA:344,3
DA:345,3
DA:348,3
DA:350,3
DA:351,3
DA:354,3
DA:356,3
DA:357,3
DA:360,3
DA:362,3
DA:363,3
DA:366,6
DA:368,6
DA:369,6
LF:128
LH:50
end_of_record
TN:
SF:/home/solon/Documents/remus/build-coverage/src/ui/remus-ui_autogen/7CL2LH2DRO/moc_match_controller.cpp
FNL:0,119,159
FNA:0,0,_ZN5Remus15MatchController18qt_static_metacallEP7QObjectN11QMetaObject4CallEiPPv
FNL:1,161,164
FNA:1,0,_ZNK5Remus15MatchController10metaObjectEv
FNL:2,166,172
FNA:2,0,_ZN5Remus15MatchController11qt_metacastEPKc
FNL:3,174,196
FNA:3,0,_ZN5Remus15MatchController11qt_metacallEN11QMetaObject4CallEiPPv
FNL:4,199,202
FNA:4,0,_ZN5Remus15MatchController15matchingChangedEv
FNL:5,205,208
FNA:5,0,_ZN5Remus15MatchController10matchFoundEiRK7QStringf
FNL:6,211,214
FNA:6,0,_ZN5Remus15MatchController17matchingCompletedEii
FNL:7,217,220
FNA:7,0,_ZN5Remus15MatchController14matchConfirmedEi
FNL:8,223,226
FNA:8,0,_ZN5Remus15MatchController13matchRejectedEi
FNL:9,229,232
FNA:9,0,_ZN5Remus15MatchController14libraryUpdatedEv
FNF:10
FNH:0
BRDA:122,0,0,-
BRDA:122,0,1,-
BRDA:123,0,0,-
BRDA:123,0,1,-
BRDA:123,0,2,-
BRDA:123,0,3,-
BRDA:123,0,4,-
BRDA:123,0,5,-
BRDA:123,0,6,-
BRDA:123,0,7,-
BRDA:123,0,8,-
BRDA:123,0,9,-
BRDA:123,0,10,-
BRDA:123,0,11,-
BRDA:138,0,0,-
BRDA:138,0,1,-
BRDA:139,0,0,-
BRDA:139,0,1,-
BRDA:141,0,0,-
BRDA:141,0,1,-
BRDA:143,0,0,-
BRDA:143,0,1,-
BRDA:145,0,0,-
BRDA:145,0,1,-
BRDA:147,0,0,-
BRDA:147,0,1,-
BRDA:149,0,0,-
BRDA:149,0,1,-
BRDA:152,0,0,-
BRDA:152,0,1,-
BRDA:154,0,0,-
BRDA:154,0,1,-
BRDA:163,0,0,-
BRDA:163,0,1,-
BRDA:168,0,0,-
BRDA:168,0,1,-
BRDA:169,0,0,-
BRDA:169,0,1,-
BRDA:177,0,0,-
BRDA:177,0,1,-
BRDA:179,0,0,-
BRDA:179,0,1,-
BRDA:180,0,0,-
BRDA:180,0,1,-
BRDA:184,0,0,-
BRDA:184,0,1,-
BRDA:185,0,0,-
BRDA:185,0,1,-
BRDA:189,0,0,-
BRDA:189,0,1,-
BRDA:189,0,2,-
BRDA:189,0,3,-
BRDA:190,0,0,-
BRDA:190,0,1,-
BRDA:190,0,2,-
BRDA:190,0,3,-
BRDA:191,0,0,-
BRDA:191,0,1,-
BRF:58
BRH:0
DA:119,0
DA:121,0
DA:122,0
DA:123,0
DA:124,0
DA:125,0
DA:126,0
DA:127,0
DA:128,0
DA:129,0
DA:130,0
DA:131,0
DA:132,0
DA:133,0
DA:134,0
DA:135,0
DA:138,0
DA:139,0
DA:140,0
DA:141,0
DA:142,0
DA:143,0
DA:144,0
DA:145,0
DA:146,0
DA:147,0
DA:148,0
DA:149,0
DA:150,0
DA:152,0
DA:153,0
DA:154,0
DA:155,0
DA:156,0
DA:161,0
DA:163,0
DA:166,0
DA:168,0
DA:169,0
DA:170,0
DA:171,0
DA:174,0
DA:176,0
DA:177,0
DA:178,0
DA:179,0
DA:180,0
DA:181,0
DA:182,0
DA:184,0
DA:185,0
DA:186,0
DA:187,0
DA:189,0
DA:190,0
DA:191,0
DA:192,0
DA:193,0
DA:195,0
DA:199,0
DA:201,0
DA:202,0
DA:205,0
DA:207,0
DA:208,0
DA:211,0
DA:213,0
DA:214,0
DA:217,0
DA:219,0
DA:220,0
DA:223,0
DA:225,0
DA:226,0
DA:229,0
DA:231,0
DA:232,0
LF:77
LH:0
end_of_record
TN:
SF:/home/solon/Documents/remus/build-coverage/src/ui/remus-ui_autogen/7CL2LH2DRO/moc_metadata_editor_controller.cpp
FNL:0,179,250
FNA:0,0,_ZN5Remus24MetadataEditorController18qt_static_metacallEP7QObjectN11QMetaObject4CallEiPPv
FNL:1,252,255
FNA:1,0,_ZNK5Remus24MetadataEditorController10metaObjectEv
FNL:2,257,263
FNA:2,0,_ZN5Remus24MetadataEditorController11qt_metacastEPKc
FNL:3,265,287
FNA:3,0,_ZN5Remus24MetadataEditorController11qt_metacallEN11QMetaObject4CallEiPPv
FNL:4,290,293
FNA:4,0,_ZN5Remus24MetadataEditorController20currentGameIdChangedEv
FNL:5,296,299
FNA:5,0,_ZN5Remus24MetadataEditorController18currentGameChangedEv
FNL:6,302,305
FNA:6,0,_ZN5Remus24MetadataEditorController17hasChangesChangedEv
FNL:7,308,311
FNA:7,0,_ZN5Remus24MetadataEditorController9gameSavedEi
FNL:8,314,317
FNA:8,0,_ZN5Remus24MetadataEditorController11gameUpdatedEi
FNL:9,320,323
FNA:9,0,_ZN5Remus24MetadataEditorController12matchUpdatedEi
FNF:10
FNH:0
BRDA:182,0,0,-
BRDA:182,0,1,-
BRDA:183,0,0,-
BRDA:183,0,1,-
BRDA:183,0,2,-
BRDA:183,0,3,-
BRDA:183,0,4,-
BRDA:183,0,5,-
BRDA:183,0,6,-
BRDA:183,0,7,-
BRDA:183,0,8,-
BRDA:183,0,9,-
BRDA:183,0,10,-
BRDA:183,0,11,-
BRDA:183,0,12,-
BRDA:183,0,13,-
BRDA:183,0,14,-
BRDA:183,0,15,-
BRDA:183,0,16,-
BRDA:183,0,17,-
BRDA:183,0,18,-
BRDA:183,0,19,-
BRDA:183,0,20,-
BRDA:183,0,21,-
BRDA:190,0,0,-
BRDA:190,e0,1,-
BRDA:191,0,0,-
BRDA:191,0,1,-
BRDA:192,0,0,-
BRDA:192,e0,1,-
BRDA:193,0,0,-
BRDA:193,0,1,-
BRDA:194,0,0,-
BRDA:194,e0,1,-
BRDA:195,0,0,-
BRDA:195,0,1,-
BRDA:196,0,0,-
BRDA:196,e0,1,-
BRDA:197,0,0,-
BRDA:197,0,1,-
BRDA:201,0,0,-
BRDA:201,e0,1,-
BRDA:202,0,0,-
BRDA:202,0,1,-
BRDA:203,0,0,-
BRDA:203,e0,1,-
BRDA:204,0,0,-
BRDA:204,0,1,-
BRDA:205,0,0,-
BRDA:205,e0,1,-
BRDA:206,0,0,-
BRDA:206,0,1,-
BRDA:207,0,0,-
BRDA:207,e0,1,-
BRDA:208,0,0,-
BRDA:208,0,1,-
BRDA:209,0,0,-
BRDA:209,e0,1,-
BRDA:210,0,0,-
BRDA:210,0,1,-
BRDA:211,0,0,-
BRDA:211,e0,1,-
BRDA:212,0,0,-
BRDA:212,0,1,-
BRDA:213,0,0,-
BRDA:213,e0,1,-
BRDA:214,0,0,-
BRDA:214,0,1,-
BRDA:215,0,0,-
BRDA:215,e0,1,-
BRDA:216,0,0,-
BRDA:216,0,1,-
BRDA:220,0,0,-
BRDA:220,0,1,-
BRDA:221,0,0,-
BRDA:221,0,1,-
BRDA:223,0,0,-
BRDA:223,0,1,-
BRDA:225,0,0,-
BRDA:225,0,1,-
BRDA:227,0,0,-
BRDA:227,0,1,-
BRDA:229,0,0,-
BRDA:229,0,1,-
BRDA:231,0,0,-
BRDA:231,0,1,-
BRDA:234,0,0,-
BRDA:234,0,1,-
BRDA:236,0,0,-
BRDA:236,0,1,-
BRDA:236,0,2,-
BRDA:236,0,3,-
BRDA:243,0,0,-
BRDA:243,0,1,-
BRDA:245,0,0,-
BRDA:245,0,1,-
BRDA:254,0,0,-
BRDA:254,0,1,-
BRDA:259,0,0,-
BRDA:259,0,1,-
BRDA:260,0,0,-
BRDA:260,0,1,-
BRDA:268,0,0,-
BRDA:268,0,1,-
BRDA:270,0,0,-
BRDA:270,0,1,-
BRDA:271,0,0,-
BRDA:271,0,1,-
BRDA:275,0,0,-
BRDA:275,0,1,-
BRDA:276,0,0,-
BRDA:276,0,1,-
BRDA:280,0,0,-
BRDA:280,0,1,-
BRDA:280,0,2,-
BRDA:280,0,3,-
BRDA:281,0,0,-
BRDA:281,0,1,-
BRDA:281,0,2,-
BRDA:281,0,3,-
BRDA:282,0,0,-
BRDA:282,0,1,-
BRF:122
BRH:0
DA:179,0
DA:181,0
DA:182,0
DA:183,0
DA:184,0
DA:185,0
DA:186,0
DA:187,0
DA:188,0
DA:189,0
DA:190,0
DA:191,0
DA:192,0
DA:193,0
DA:194,0
DA:195,0
DA:196,0
DA:197,0
DA:198,0
DA:199,0
DA:200,0
DA:201,0
DA:202,0
DA:203,0
DA:204,0
DA:205,0
DA:206,0
DA:207,0
DA:208,0
DA:209,0
DA:210,0
DA:211,0
DA:212,0
DA:213,0
DA:214,0
DA:215,0
DA:216,0
DA:217,0
DA:220,0
DA:221,0
DA:222,0
DA:223,0
DA:224,0
DA:225,0
DA:226,0
DA:227,0
DA:228,0
DA:229,0
DA:230,0
DA:231,0
DA:232,0
DA:234,0
DA:235,0
DA:236,0
DA:237,0
DA:238,0
DA:239,0
DA:240,0
DA:243,0
DA:244,0
DA:245,0
DA:246,0
DA:247,0
DA:252,0
DA:254,0
DA:257,0
DA:259,0
DA:260,0
DA:261,0
DA:262,0
DA:265,0
DA:267,0
DA:268,0
DA:269,0
DA:270,0
DA:271,0
DA:272,0
DA:273,0
DA:275,0
DA:276,0
DA:277,0
DA:278,0
DA:280,0
DA:281,0
DA:282,0
DA:283,0
DA:284,0
DA:286,0
DA:290,0
DA:292,0
DA:293,0
DA:296,0
DA:298,0
DA:299,0
DA:302,0
DA:304,0
DA:305,0
DA:308,0
DA:310,0
DA:311,0
DA:314,0
DA:316,0
DA:317,0
DA:320,0
DA:322,0
DA:323,0
LF:106
LH:0
end_of_record
TN:
SF:/home/solon/Documents/remus/build-coverage/src/ui/remus-ui_autogen/7CL2LH2DRO/moc_patch_controller.cpp
FNL:0,199,276
FNA:0,0,_ZN5Remus15PatchController18qt_static_metacallEP7QObjectN11QMetaObject4CallEiPPv
FNL:1,278,281
FNA:1,0,_ZNK5Remus15PatchController10metaObjectEv
FNL:2,283,289
FNA:2,0,_ZN5Remus15PatchController11qt_metacastEPKc
FNL:3,291,313
FNA:3,0,_ZN5Remus15PatchController11qt_metacallEN11QMetaObject4CallEiPPv
FNL:4,316,319
FNA:4,0,_ZN5Remus15PatchController15patchingChangedEv
FNL:5,322,325
FNA:5,0,_ZN5Remus15PatchController15progressChangedEv
FNL:6,328,331
FNA:6,0,_ZN5Remus15PatchController23currentOperationChangedEv
FNL:7,334,337
FNA:7,0,_ZN5Remus15PatchController17toolStatusChangedEv
FNL:8,340,343
FNA:8,0,_ZN5Remus15PatchController12patchStartedEv
FNL:9,346,349
FNA:9,0,_ZN5Remus15PatchController14patchCompletedERK7QString
FNL:10,352,355
FNA:10,0,_ZN5Remus15PatchController10patchErrorERK7QString
FNL:11,358,361
FNA:11,0,_ZN5Remus15PatchController18createPatchStartedEv
FNL:12,364,367
FNA:12,0,_ZN5Remus15PatchController20createPatchCompletedERK7QString
FNL:13,370,373
FNA:13,0,_ZN5Remus15PatchController16createPatchErrorERK7QString
FNF:14
FNH:0
BRDA:202,0,0,-
BRDA:202,0,1,-
BRDA:203,0,0,-
BRDA:203,0,1,-
BRDA:203,0,2,-
BRDA:203,0,3,-
BRDA:203,0,4,-
BRDA:203,0,5,-
BRDA:203,0,6,-
BRDA:203,0,7,-
BRDA:203,0,8,-
BRDA:203,0,9,-
BRDA:203,0,10,-
BRDA:203,0,11,-
BRDA:203,0,12,-
BRDA:203,0,13,-
BRDA:203,0,14,-
BRDA:203,0,15,-
BRDA:203,0,16,-
BRDA:203,0,17,-
BRDA:203,0,18,-
BRDA:203,0,19,-
BRDA:203,0,20,-
BRDA:203,0,21,-
BRDA:203,0,22,-
BRDA:203,0,23,-
BRDA:203,0,24,-
BRDA:203,0,25,-
BRDA:203,0,26,-
BRDA:203,0,27,-
BRDA:217,0,0,-
BRDA:217,e0,1,-
BRDA:218,0,0,-
BRDA:218,0,1,-
BRDA:219,0,0,-
BRDA:219,e0,1,-
BRDA:220,0,0,-
BRDA:220,0,1,-
BRDA:221,0,0,-
BRDA:221,e0,1,-
BRDA:222,0,0,-
BRDA:222,0,1,-
BRDA:223,0,0,-
BRDA:223,e0,1,-
BRDA:224,0,0,-
BRDA:224,0,1,-
BRDA:225,0,0,-
BRDA:225,e0,1,-
BRDA:226,0,0,-
BRDA:226,0,1,-
BRDA:228,0,0,-
BRDA:228,e0,1,-
BRDA:229,0,0,-
BRDA:229,0,1,-
BRDA:230,0,0,-
BRDA:230,e0,1,-
BRDA:230,0,2,-
BRDA:230,e0,3,-
BRDA:231,0,0,-
BRDA:231,0,1,-
BRDA:235,0,0,-
BRDA:235,e0,1,-
BRDA:236,0,0,-
BRDA:236,0,1,-
BRDA:237,0,0,-
BRDA:237,e0,1,-
BRDA:238,0,0,-
BRDA:238,0,1,-
BRDA:239,0,0,-
BRDA:239,e0,1,-
BRDA:240,0,0,-
BRDA:240,0,1,-
BRDA:244,0,0,-
BRDA:244,0,1,-
BRDA:245,0,0,-
BRDA:245,0,1,-
BRDA:247,0,0,-
BRDA:247,0,1,-
BRDA:249,0,0,-
BRDA:249,0,1,-
BRDA:251,0,0,-
BRDA:251,0,1,-
BRDA:253,0,0,-
BRDA:253,0,1,-
BRDA:255,0,0,-
BRDA:255,0,1,-
BRDA:257,0,0,-
BRDA:257,0,1,-
BRDA:259,0,0,-
BRDA:259,0,1,-
BRDA:261,0,0,-
BRDA:261,0,1,-
BRDA:263,0,0,-
BRDA:263,0,1,-
BRDA:266,0,0,-
BRDA:266,0,1,-
BRDA:268,0,0,-
BRDA:268,0,1,-
BRDA:268,0,2,-
BRDA:268,0,3,-
BRDA:268,0,4,-
BRDA:280,0,0,-
BRDA:280,0,1,-
BRDA:285,0,0,-
BRDA:285,0,1,-
BRDA:286,0,0,-
BRDA:286,0,1,-
BRDA:294,0,0,-
BRDA:294,0,1,-
BRDA:296,0,0,-
BRDA:296,0,1,-
BRDA:297,0,0,-
BRDA:297,0,1,-
BRDA:301,0,0,-
BRDA:301,0,1,-
BRDA:302,0,0,-
BRDA:302,0,1,-
BRDA:306,0,0,-
BRDA:306,0,1,-
BRDA:306,0,2,-
BRDA:306,0,3,-
BRDA:307,0,0,-
BRDA:307,0,1,-
BRDA:307,0,2,-
BRDA:307,0,3,-
BRDA:308,0,0,-
BRDA:308,0,1,-
BRF:127
BRH:0
DA:199,0
DA:201,0
DA:202,0
DA:203,0
DA:204,0
DA:205,0
DA:206,0
DA:207,0
DA:208,0
DA:209,0
DA:210,0
DA:211,0
DA:212,0
DA:213,0
DA:214,0
DA:215,0
DA:216,0
DA:217,0
DA:218,0
DA:219,0
DA:220,0
DA:221,0
DA:222,0
DA:223,0
DA:224,0
DA:225,0
DA:226,0
DA:227,0
DA:228,0
DA:229,0
DA:230,0
DA:231,0
DA:232,0
DA:233,0
DA:234,0
DA:235,0
DA:236,0
DA:237,0
DA:238,0
DA:239,0
DA:240,0
DA:241,0
DA:244,0
DA:245,0
DA:246,0
DA:247,0
DA:248,0
DA:249,0
DA:250,0
DA:251,0
DA:252,0
DA:253,0
DA:254,0
DA:255,0
DA:256,0
DA:257,0
DA:258,0
DA:259,0
DA:260,0
DA:261,0
DA:262,0
DA:263,0
DA:264,0
DA:266,0
DA:267,0
DA:268,0
DA:269,0
DA:270,0
DA:271,0
DA:272,0
DA:273,0
DA:278,0
DA:280,0
DA:283,0
DA:285,0
DA:286,0
DA:287,0
DA:288,0
DA:291,0
DA:293,0
DA:294,0
DA:295,0
DA:296,0
DA:297,0
DA:298,0
DA:299,0
DA:301,0
DA:302,0
DA:303,0
DA:304,0
DA:306,0
DA:307,0
DA:308,0
DA:309,0
DA:310,0
DA:312,0
DA:316,0
DA:318,0
DA:319,0
DA:322,0
DA:324,0
DA:325,0
DA:328,0
DA:330,0
DA:331,0
DA:334,0
DA:336,0
DA:337,0
DA:340,0
DA:342,0
DA:343,0
DA:346,0
DA:348,0
DA:349,0
DA:352,0
DA:354,0
DA:355,0
DA:358,0
DA:360,0
DA:361,0
DA:364,0
DA:366,0
DA:367,0
DA:370,0
DA:372,0
DA:373,0
LF:126
LH:0
end_of_record
TN:
SF:/home/solon/Documents/remus/build-coverage/src/ui/remus-ui_autogen/7CL2LH2DRO/moc_processing_controller.cpp
FNL:0,231,334
FNA:0,0,_ZN5Remus20ProcessingController18qt_static_metacallEP7QObjectN11QMetaObject4CallEiPPv
FNL:1,336,339
FNA:1,0,_ZNK5Remus20ProcessingController10metaObjectEv
FNL:2,341,347
FNA:2,0,_ZN5Remus20ProcessingController11qt_metacastEPKc
FNL:3,349,371
FNA:3,0,_ZN5Remus20ProcessingController11qt_metacallEN11QMetaObject4CallEiPPv
FNL:4,374,377
FNA:4,0,_ZN5Remus20ProcessingController17processingChangedEv
FNL:5,380,383
FNA:5,0,_ZN5Remus20ProcessingController13pausedChangedEv
FNL:6,386,389
FNA:6,0,_ZN5Remus20ProcessingController14optionsChangedEv
FNL:7,392,395
FNA:7,0,_ZN5Remus20ProcessingController15progressChangedEv
FNL:8,398,401
FNA:8,0,_ZN5Remus20ProcessingController18currentFileChangedEv
FNL:9,404,407
FNA:9,0,_ZN5Remus20ProcessingController18currentStepChangedEv
FNL:10,410,413
FNA:10,0,_ZN5Remus20ProcessingController20statusMessageChangedEv
FNL:11,416,419
FNA:11,0,_ZN5Remus20ProcessingController17processingStartedEi
FNL:12,422,425
FNA:12,0,_ZN5Remus20ProcessingController11fileStartedEiRK7QString
FNL:13,428,431
FNA:13,0,_ZN5Remus20ProcessingController11stepStartedEiRK7QString
FNL:14,434,437
FNA:14,0,_ZN5Remus20ProcessingController13stepCompletedEiRK7QStringb
FNL:15,440,443
FNA:15,0,_ZN5Remus20ProcessingController13fileCompletedEibRK7QString
FNL:16,446,449
FNA:16,0,_ZN5Remus20ProcessingController19processingCompletedEii
FNL:17,452,455
FNA:17,0,_ZN5Remus20ProcessingController19processingCancelledEv
FNL:18,458,461
FNA:18,0,_ZN5Remus20ProcessingController14hashCalculatedEiRK7QStringS3_S3_
FNL:19,464,467
FNA:19,0,_ZN5Remus20ProcessingController10matchFoundEiRK7QStringS3_iiS3_
FNL:20,470,473
FNA:20,0,_ZN5Remus20ProcessingController15metadataUpdatedEiRK7QStringS3_S3_S3_S3_fS3_
FNL:21,476,479
FNA:21,0,_ZN5Remus20ProcessingController15processingErrorEiRK7QStringS3_
FNL:22,482,485
FNA:22,0,_ZN5Remus20ProcessingController14libraryUpdatedEv
FNF:23
FNH:0
BRDA:234,0,0,-
BRDA:234,0,1,-
BRDA:235,0,0,-
BRDA:235,0,1,-
BRDA:235,0,2,-
BRDA:235,0,3,-
BRDA:235,0,4,-
BRDA:235,0,5,-
BRDA:235,0,6,-
BRDA:235,0,7,-
BRDA:235,0,8,-
BRDA:235,0,9,-
BRDA:235,0,10,-
BRDA:235,0,11,-
BRDA:235,0,12,-
BRDA:235,0,13,-
BRDA:235,0,14,-
BRDA:235,0,15,-
BRDA:235,0,16,-
BRDA:235,0,17,-
BRDA:235,0,18,-
BRDA:235,0,19,-
BRDA:235,0,20,-
BRDA:235,0,21,-
BRDA:235,0,22,-
BRDA:235,0,23,-
BRDA:235,0,24,-
BRDA:235,0,25,-
BRDA:235,0,26,-
BRDA:235,0,27,-
BRDA:261,0,0,-
BRDA:261,e0,1,-
BRDA:262,0,0,-
BRDA:262,0,1,-
BRDA:263,0,0,-
BRDA:263,e0,1,-
BRDA:264,0,0,-
BRDA:264,0,1,-
BRDA:268,0,0,-
BRDA:268,0,1,-
BRDA:269,0,0,-
BRDA:269,0,1,-
BRDA:271,0,0,-
BRDA:271,0,1,-
BRDA:273,0,0,-
BRDA:273,0,1,-
BRDA:275,0,0,-
BRDA:275,0,1,-
BRDA:277,0,0,-
BRDA:277,0,1,-
BRDA:279,0,0,-
BRDA:279,0,1,-
BRDA:281,0,0,-
BRDA:281,0,1,-
BRDA:283,0,0,-
BRDA:283,0,1,-
BRDA:285,0,0,-
BRDA:285,0,1,-
BRDA:287,0,0,-
BRDA:287,0,1,-
BRDA:289,0,0,-
BRDA:289,0,1,-
BRDA:291,0,0,-
BRDA:291,0,1,-
BRDA:293,0,0,-
BRDA:293,0,1,-
BRDA:295,0,0,-
BRDA:295,0,1,-
BRDA:297,0,0,-
BRDA:297,0,1,-
BRDA:299,0,0,-
BRDA:299,0,1,-
BRDA:301,0,0,-
BRDA:301,0,1,-
BRDA:303,0,0,-
BRDA:303,0,1,-
BRDA:305,0,0,-
BRDA:305,0,1,-
BRDA:308,0,0,-
BRDA:308,0,1,-
BRDA:310,0,0,-
BRDA:310,0,1,-
BRDA:310,0,2,-
BRDA:310,0,3,-
BRDA:310,0,4,-
BRDA:310,0,5,-
BRDA:310,0,6,-
BRDA:310,0,7,-
BRDA:310,0,8,-
BRDA:310,0,9,-
BRDA:310,0,10,-
BRDA:310,0,11,-
BRDA:317,0,0,-
BRDA:317,e0,1,-
BRDA:325,0,0,-
BRDA:325,0,1,-
BRDA:327,0,0,-
BRDA:327,0,1,-
BRDA:327,0,2,-
BRDA:327,0,3,-
BRDA:338,0,0,-
BRDA:338,0,1,-
BRDA:343,0,0,-
BRDA:343,0,1,-
BRDA:344,0,0,-
BRDA:344,0,1,-
BRDA:352,0,0,-
BRDA:352,0,1,-
BRDA:354,0,0,-
BRDA:354,0,1,-
BRDA:355,0,0,-
BRDA:355,0,1,-
BRDA:359,0,0,-
BRDA:359,0,1,-
BRDA:360,0,0,-
BRDA:360,0,1,-
BRDA:364,0,0,-
BRDA:364,0,1,-
BRDA:364,0,2,-
BRDA:364,0,3,-
BRDA:365,0,0,-
BRDA:365,0,1,-
BRDA:365,0,2,-
BRDA:365,0,3,-
BRDA:366,0,0,-
BRDA:366,0,1,-
BRF:126
BRH:0
DA:231,0
DA:233,0
DA:234,0
DA:235,0
DA:236,0
DA:237,0
DA:238,0
DA:239,0
DA:240,0
DA:241,0
DA:242,0
DA:243,0
DA:244,0
DA:245,0
DA:246,0
DA:247,0
DA:248,0
DA:249,0
DA:250,0
DA:251,0
DA:252,0
DA:253,0
DA:254,0
DA:255,0
DA:256,0
DA:257,0
DA:258,0
DA:259,0
DA:260,0
DA:261,0
DA:262,0
DA:263,0
DA:264,0
DA:265,0
DA:268,0
DA:269,0
DA:270,0
DA:271,0
DA:272,0
DA:273,0
DA:274,0
DA:275,0
DA:276,0
DA:277,0
DA:278,0
DA:279,0
DA:280,0
DA:281,0
DA:282,0
DA:283,0
DA:284,0
DA:285,0
DA:286,0
DA:287,0
DA:288,0
DA:289,0
DA:290,0
DA:291,0
DA:292,0
DA:293,0
DA:294,0
DA:295,0
DA:296,0
DA:297,0
DA:298,0
DA:299,0
DA:300,0
DA:301,0
DA:302,0
DA:303,0
DA:304,0
DA:305,0
DA:306,0
DA:308,0
DA:309,0
DA:310,0
DA:311,0
DA:312,0
DA:313,0
DA:314,0
DA:315,0
DA:316,0
DA:317,0
DA:318,0
DA:319,0
DA:320,0
DA:321,0
DA:322,0
DA:325,0
DA:326,0
DA:327,0
DA:328,0
DA:329,0
DA:330,0
DA:331,0
DA:336,0
DA:338,0
DA:341,0
DA:343,0
DA:344,0
DA:345,0
DA:346,0
DA:349,0
DA:351,0
DA:352,0
DA:353,0
DA:354,0
DA:355,0
DA:356,0
DA:357,0
DA:359,0
DA:360,0
DA:361,0
DA:362,0
DA:364,0
DA:365,0
DA:366,0
DA:367,0
DA:368,0
DA:370,0
DA:374,0
DA:376,0
DA:377,0
DA:380,0
DA:382,0
DA:383,0
DA:386,0
DA:388,0
DA:389,0
DA:392,0
DA:394,0
DA:395,0
DA:398,0
DA:400,0
DA:401,0
DA:404,0
DA:406,0
DA:407,0
DA:410,0
DA:412,0
DA:413,0
DA:416,0
DA:418,0
DA:419,0
DA:422,0
DA:424,0
DA:425,0
DA:428,0
DA:430,0
DA:431,0
DA:434,0
DA:436,0
DA:437,0
DA:440,0
DA:442,0
DA:443,0
DA:446,0
DA:448,0
DA:449,0
DA:452,0
DA:454,0
DA:455,0
DA:458,0
DA:460,0
DA:461,0
DA:464,0
DA:466,0
DA:467,0
DA:470,0
DA:472,0
DA:473,0
DA:476,0
DA:478,0
DA:479,0
DA:482,0
DA:484,0
DA:485,0
LF:177
LH:0
end_of_record
TN:
SF:/home/solon/Documents/remus/build-coverage/src/ui/remus-ui_autogen/7CL2LH2DRO/moc_settings_controller.cpp
FNL:0,115,151
FNA:0,0,_ZN5Remus18SettingsController18qt_static_metacallEP7QObjectN11QMetaObject4CallEiPPv
FNL:1,153,156
FNA:1,0,_ZNK5Remus18SettingsController10metaObjectEv
FNL:2,158,164
FNA:2,0,_ZN5Remus18SettingsController11qt_metacastEPKc
FNL:3,166,188
FNA:3,0,_ZN5Remus18SettingsController11qt_metacallEN11QMetaObject4CallEiPPv
FNL:4,191,194
FNA:4,9,_ZN5Remus18SettingsController15settingsChangedEv
FNF:5
FNH:1
BRDA:118,0,0,-
BRDA:118,0,1,-
BRDA:119,0,0,-
BRDA:119,0,1,-
BRDA:119,0,2,-
BRDA:119,0,3,-
BRDA:119,0,4,-
BRDA:119,0,5,-
BRDA:119,0,6,-
BRDA:119,0,7,-
BRDA:119,0,8,-
BRDA:119,0,9,-
BRDA:119,0,10,-
BRDA:121,0,0,-
BRDA:121,e0,1,-
BRDA:122,0,0,-
BRDA:122,0,1,-
BRDA:123,0,0,-
BRDA:123,e0,1,-
BRDA:124,0,0,-
BRDA:124,0,1,-
BRDA:127,0,0,-
BRDA:127,e0,1,-
BRDA:128,0,0,-
BRDA:128,0,1,-
BRDA:129,0,0,-
BRDA:129,e0,1,-
BRDA:130,0,0,-
BRDA:130,0,1,-
BRDA:131,0,0,-
BRDA:131,e0,1,-
BRDA:132,0,0,-
BRDA:132,0,1,-
BRDA:134,0,0,-
BRDA:134,e0,1,-
BRDA:135,0,0,-
BRDA:135,0,1,-
BRDA:139,0,0,-
BRDA:139,0,1,-
BRDA:140,0,0,-
BRDA:140,0,1,-
BRDA:143,0,0,-
BRDA:143,0,1,-
BRDA:145,0,0,-
BRDA:145,0,1,-
BRDA:145,0,2,-
BRDA:146,0,0,-
BRDA:146,e0,1,-
BRDA:147,0,0,-
BRDA:147,e0,1,-
BRDA:155,0,0,-
BRDA:155,0,1,-
BRDA:160,0,0,-
BRDA:160,0,1,-
BRDA:161,0,0,-
BRDA:161,0,1,-
BRDA:169,0,0,-
BRDA:169,0,1,-
BRDA:171,0,0,-
BRDA:171,0,1,-
BRDA:172,0,0,-
BRDA:172,0,1,-
BRDA:176,0,0,-
BRDA:176,0,1,-
BRDA:177,0,0,-
BRDA:177,0,1,-
BRDA:181,0,0,-
BRDA:181,0,1,-
BRDA:181,0,2,-
BRDA:181,0,3,-
BRDA:182,0,0,-
BRDA:182,0,1,-
BRDA:182,0,2,-
BRDA:182,0,3,-
BRDA:183,0,0,-
BRDA:183,0,1,-
BRF:76
BRH:0
DA:115,0
DA:117,0
DA:118,0
DA:119,0
DA:120,0
DA:121,0
DA:122,0
DA:123,0
DA:124,0
DA:125,0
DA:126,0
DA:127,0
DA:128,0
DA:129,0
DA:130,0
DA:131,0
DA:132,0
DA:133,0
DA:134,0
DA:135,0
DA:136,0
DA:139,0
DA:140,0
DA:141,0
DA:143,0
DA:144,0
DA:145,0
DA:146,0
DA:147,0
DA:148,0
DA:153,0
DA:155,0
DA:158,0
DA:160,0
DA:161,0
DA:162,0
DA:163,0
DA:166,0
DA:168,0
DA:169,0
DA:170,0
DA:171,0
DA:172,0
DA:173,0
DA:174,0
DA:176,0
DA:177,0
DA:178,0
DA:179,0
DA:181,0
DA:182,0
DA:183,0
DA:184,0
DA:185,0
DA:187,0
DA:191,9
DA:193,9
DA:194,9
LF:58
LH:3
end_of_record
TN:
SF:/home/solon/Documents/remus/build-coverage/src/ui/remus-ui_autogen/7CL2LH2DRO/moc_verification_controller.cpp
FNL:0,210,292
FNA:0,0,_ZN5Remus22VerificationController18qt_static_metacallEP7QObjectN11QMetaObject4CallEiPPv
FNL:1,294,297
FNA:1,0,_ZNK5Remus22VerificationController10metaObjectEv
FNL:2,299,305
FNA:2,0,_ZN5Remus22VerificationController11qt_metacastEPKc
FNL:3,307,329
FNA:3,0,_ZN5Remus22VerificationController11qt_metacallEN11QMetaObject4CallEiPPv
FNL:4,332,335
FNA:4,0,_ZN5Remus22VerificationController16verifyingChangedEv
FNL:5,338,341
FNA:5,0,_ZN5Remus22VerificationController16importingChangedEv
FNL:6,344,347
FNA:6,0,_ZN5Remus22VerificationController15progressChangedEv
FNL:7,350,353
FNA:7,0,_ZN5Remus22VerificationController12totalChangedEv
FNL:8,356,359
FNA:8,0,_ZN5Remus22VerificationController18currentFileChangedEv
FNL:9,362,365
FNA:9,0,_ZN5Remus22VerificationController14resultsChangedEv
FNL:10,368,371
FNA:10,0,_ZN5Remus22VerificationController14summaryChangedEv
FNL:11,374,377
FNA:11,0,_ZN5Remus22VerificationController13importStartedEv
FNL:12,380,383
FNA:12,0,_ZN5Remus22VerificationController15importCompletedEi
FNL:13,386,389
FNA:13,0,_ZN5Remus22VerificationController11importErrorERK7QString
FNL:14,392,395
FNA:14,0,_ZN5Remus22VerificationController19verificationStartedEv
FNL:15,398,401
FNA:15,0,_ZN5Remus22VerificationController21verificationCompletedEv
FNL:16,404,407
FNA:16,0,_ZN5Remus22VerificationController17verificationErrorERK7QString
FNF:17
FNH:0
BRDA:213,0,0,-
BRDA:213,0,1,-
BRDA:214,0,0,-
BRDA:214,0,1,-
BRDA:214,0,2,-
BRDA:214,0,3,-
BRDA:214,0,4,-
BRDA:214,0,5,-
BRDA:214,0,6,-
BRDA:214,0,7,-
BRDA:214,0,8,-
BRDA:214,0,9,-
BRDA:214,0,10,-
BRDA:214,0,11,-
BRDA:214,0,12,-
BRDA:214,0,13,-
BRDA:214,0,14,-
BRDA:214,0,15,-
BRDA:214,0,16,-
BRDA:214,0,17,-
BRDA:214,0,18,-
BRDA:214,0,19,-
BRDA:214,0,20,-
BRDA:214,0,21,-
BRDA:214,0,22,-
BRDA:214,0,23,-
BRDA:214,0,24,-
BRDA:214,0,25,-
BRDA:214,0,26,-
BRDA:214,0,27,-
BRDA:214,0,28,-
BRDA:232,0,0,-
BRDA:232,e0,1,-
BRDA:233,0,0,-
BRDA:233,0,1,-
BRDA:235,0,0,-
BRDA:235,e0,1,-
BRDA:236,0,0,-
BRDA:236,0,1,-
BRDA:237,0,0,-
BRDA:237,e0,1,-
BRDA:238,0,0,-
BRDA:238,0,1,-
BRDA:243,0,0,-
BRDA:243,e0,1,-
BRDA:244,0,0,-
BRDA:244,0,1,-
BRDA:245,0,0,-
BRDA:245,e0,1,-
BRDA:246,0,0,-
BRDA:246,0,1,-
BRDA:251,0,0,-
BRDA:251,0,1,-
BRDA:252,0,0,-
BRDA:252,0,1,-
BRDA:254,0,0,-
BRDA:254,0,1,-
BRDA:256,0,0,-
BRDA:256,0,1,-
BRDA:258,0,0,-
BRDA:258,0,1,-
BRDA:260,0,0,-
BRDA:260,0,1,-
BRDA:262,0,0,-
BRDA:262,0,1,-
BRDA:264,0,0,-
BRDA:264,0,1,-
BRDA:266,0,0,-
BRDA:266,0,1,-
BRDA:268,0,0,-
BRDA:268,0,1,-
BRDA:270,0,0,-
BRDA:270,0,1,-
BRDA:272,0,0,-
BRDA:272,0,1,-
BRDA:274,0,0,-
BRDA:274,0,1,-
BRDA:276,0,0,-
BRDA:276,0,1,-
BRDA:279,0,0,-
BRDA:279,0,1,-
BRDA:281,0,0,-
BRDA:281,0,1,-
BRDA:281,0,2,-
BRDA:281,0,3,-
BRDA:281,0,4,-
BRDA:281,0,5,-
BRDA:281,0,6,-
BRDA:281,0,7,-
BRDA:296,0,0,-
BRDA:296,0,1,-
BRDA:301,0,0,-
BRDA:301,0,1,-
BRDA:302,0,0,-
BRDA:302,0,1,-
BRDA:310,0,0,-
BRDA:310,0,1,-
BRDA:312,0,0,-
BRDA:312,0,1,-
BRDA:313,0,0,-
BRDA:313,0,1,-
BRDA:317,0,0,-
BRDA:317,0,1,-
BRDA:318,0,0,-
BRDA:318,0,1,-
BRDA:322,0,0,-
BRDA:322,0,1,-
BRDA:322,0,2,-
BRDA:322,0,3,-
BRDA:323,0,0,-
BRDA:323,0,1,-
BRDA:323,0,2,-
BRDA:323,0,3,-
BRDA:324,0,0,-
BRDA:324,0,1,-
BRF:115
BRH:0
DA:210,0
DA:212,0
DA:213,0
DA:214,0
DA:215,0
DA:216,0
DA:217,0
DA:218,0
DA:219,0
DA:220,0
DA:221,0
DA:222,0
DA:223,0
DA:224,0
DA:225,0
DA:226,0
DA:227,0
DA:228,0
DA:229,0
DA:230,0
DA:231,0
DA:232,0
DA:233,0
DA:234,0
DA:235,0
DA:236,0
DA:237,0
DA:238,0
DA:239,0
DA:240,0
DA:241,0
DA:242,0
DA:243,0
DA:244,0
DA:245,0
DA:246,0
DA:247,0
DA:248,0
DA:251,0
DA:252,0
DA:253,0
DA:254,0
DA:255,0
DA:256,0
DA:257,0
DA:258,0
DA:259,0
DA:260,0
DA:261,0
DA:262,0
DA:263,0
DA:264,0
DA:265,0
DA:266,0
DA:267,0
DA:268,0
DA:269,0
DA:270,0
DA:271,0
DA:272,0
DA:273,0
DA:274,0
DA:275,0
DA:276,0
DA:277,0
DA:279,0
DA:280,0
DA:281,0
DA:282,0
DA:283,0
DA:284,0
DA:285,0
DA:286,0
DA:287,0
DA:288,0
DA:289,0
DA:294,0
DA:296,0
DA:299,0
DA:301,0
DA:302,0
DA:303,0
DA:304,0
DA:307,0
DA:309,0
DA:310,0
DA:311,0
DA:312,0
DA:313,0
DA:314,0
DA:315,0
DA:317,0
DA:318,0
DA:319,0
DA:320,0
DA:322,0
DA:323,0
DA:324,0
DA:325,0
DA:326,0
DA:328,0
DA:332,0
DA:334,0
DA:335,0
DA:338,0
DA:340,0
DA:341,0
DA:344,0
DA:346,0
DA:347,0
DA:350,0
DA:352,0
DA:353,0
DA:356,0
DA:358,0
DA:359,0
DA:362,0
DA:364,0
DA:365,0
DA:368,0
DA:370,0
DA:371,0
DA:374,0
DA:376,0
DA:377,0
DA:380,0
DA:382,0
DA:383,0
DA:386,0
DA:388,0
DA:389,0
DA:392,0
DA:394,0
DA:395,0
DA:398,0
DA:400,0
DA:401,0
DA:404,0
DA:406,0
DA:407,0
LF:140
LH:0
end_of_record
TN:
SF:/home/solon/Documents/remus/build-coverage/src/ui/remus-ui_autogen/EWIEGA46WW/moc_theme_constants.cpp
FNL:0,157,212
FNA:0,2,_ZN5Remus14ThemeConstants18qt_static_metacallEP7QObjectN11QMetaObject4CallEiPPv
FNL:1,214,217
FNA:1,4,_ZNK5Remus14ThemeConstants10metaObjectEv
FNL:2,219,225
FNA:2,0,_ZN5Remus14ThemeConstants11qt_metacastEPKc
FNL:3,227,249
FNA:3,0,_ZN5Remus14ThemeConstants11qt_metacallEN11QMetaObject4CallEiPPv
FNL:4,252,255
FNA:4,4,_ZN5Remus14ThemeConstants16themeModeChangedEv
FNF:5
FNH:3
BRDA:160,0,0,0
BRDA:160,0,1,2
BRDA:161,0,0,-
BRDA:161,0,1,-
BRDA:161,0,2,-
BRDA:161,0,3,-
BRDA:168,0,0,2
BRDA:168,0,1,0
BRDA:169,0,0,2
BRDA:169,0,1,0
BRDA:172,0,0,-
BRDA:172,0,1,-
BRDA:174,0,0,-
BRDA:174,0,1,-
BRDA:174,0,2,-
BRDA:174,0,3,-
BRDA:174,0,4,-
BRDA:174,0,5,-
BRDA:174,0,6,-
BRDA:174,0,7,-
BRDA:174,0,8,-
BRDA:174,0,9,-
BRDA:174,0,10,-
BRDA:174,0,11,-
BRDA:174,0,12,-
BRDA:174,0,13,-
BRDA:174,0,14,-
BRDA:174,0,15,-
BRDA:174,0,16,-
BRDA:174,0,17,-
BRDA:174,0,18,-
BRDA:174,0,19,-
BRDA:174,0,20,-
BRDA:174,0,21,-
BRDA:174,0,22,-
BRDA:174,0,23,-
BRDA:174,0,24,-
BRDA:174,0,25,-
BRDA:174,0,26,-
BRDA:174,0,27,-
BRDA:176,0,0,-
BRDA:176,e0,1,-
BRDA:177,0,0,-
BRDA:177,e0,1,-
BRDA:178,0,0,-
BRDA:178,e0,1,-
BRDA:179,0,0,-
BRDA:179,e0,1,-
BRDA:180,0,0,-
BRDA:180,e0,1,-
BRDA:181,0,0,-
BRDA:181,e0,1,-
BRDA:182,0,0,-
BRDA:182,e0,1,-
BRDA:183,0,0,-
BRDA:183,e0,1,-
BRDA:184,0,0,-
BRDA:184,e0,1,-
BRDA:185,0,0,-
BRDA:185,e0,1,-
BRDA:186,0,0,-
BRDA:186,e0,1,-
BRDA:187,0,0,-
BRDA:187,e0,1,-
BRDA:188,0,0,-
BRDA:188,e0,1,-
BRDA:189,0,0,-
BRDA:189,e0,1,-
BRDA:190,0,0,-
BRDA:190,e0,1,-
BRDA:191,0,0,-
BRDA:191,e0,1,-
BRDA:192,0,0,-
BRDA:192,e0,1,-
BRDA:193,0,0,-
BRDA:193,e0,1,-
BRDA:194,0,0,-
BRDA:194,e0,1,-
BRDA:195,0,0,-
BRDA:195,e0,1,-
BRDA:196,0,0,-
BRDA:196,e0,1,-
BRDA:197,0,0,-
BRDA:197,e0,1,-
BRDA:198,0,0,-
BRDA:198,e0,1,-
BRDA:199,0,0,-
BRDA:199,e0,1,-
BRDA:200,0,0,-
BRDA:200,e0,1,-
BRDA:201,0,0,-
BRDA:201,e0,1,-
BRDA:205,0,0,-
BRDA:205,0,1,-
BRDA:207,0,0,-
BRDA:207,0,1,-
BRDA:216,0,0,0
BRDA:216,0,1,4
BRDA:221,0,0,-
BRDA:221,0,1,-
BRDA:222,0,0,-
BRDA:222,0,1,-
BRDA:230,0,0,-
BRDA:230,0,1,-
BRDA:232,0,0,-
BRDA:232,0,1,-
BRDA:233,0,0,-
BRDA:233,0,1,-
BRDA:237,0,0,-
BRDA:237,0,1,-
BRDA:238,0,0,-
BRDA:238,0,1,-
BRDA:242,0,0,-
BRDA:242,0,1,-
BRDA:242,0,2,-
BRDA:242,0,3,-
BRDA:243,0,0,-
BRDA:243,0,1,-
BRDA:243,0,2,-
BRDA:243,0,3,-
BRDA:244,0,0,-
BRDA:244,0,1,-
BRF:122
BRH:4
DA:157,2
DA:159,2
DA:160,2
DA:161,0
DA:162,0
DA:163,0
DA:164,0
DA:165,0
DA:168,2
DA:169,2
DA:170,2
DA:172,0
DA:173,0
DA:174,0
DA:175,0
DA:176,0
DA:177,0
DA:178,0
DA:179,0
DA:180,0
DA:181,0
DA:182,0
DA:183,0
DA:184,0
DA:185,0
DA:186,0
DA:187,0
DA:188,0
DA:189,0
DA:190,0
DA:191,0
DA:192,0
DA:193,0
DA:194,0
DA:195,0
DA:196,0
DA:197,0
DA:198,0
DA:199,0
DA:200,0
DA:201,0
DA:202,0
DA:205,0
DA:206,0
DA:207,0
DA:208,0
DA:209,0
DA:214,4
DA:216,4
DA:219,0
DA:221,0
DA:222,0
DA:223,0
DA:224,0
DA:227,0
DA:229,0
DA:230,0
DA:231,0
DA:232,0
DA:233,0
DA:234,0
DA:235,0
DA:237,0
DA:238,0
DA:239,0
DA:240,0
DA:242,0
DA:243,0
DA:244,0
DA:245,0
DA:246,0
DA:248,0
DA:252,4
DA:254,4
DA:255,4
LF:75
LH:11
end_of_record
TN:
SF:/home/solon/Documents/remus/build-coverage/src/ui/remus-ui_autogen/IVK4DJNV27/moc_file_list_model.cpp
FNL:0,226,284
FNA:0,0,_ZN5Remus13FileListModel18qt_static_metacallEP7QObjectN11QMetaObject4CallEiPPv
FNL:1,286,289
FNA:1,0,_ZNK5Remus13FileListModel10metaObjectEv
FNL:2,291,297
FNA:2,0,_ZN5Remus13FileListModel11qt_metacastEPKc
FNL:3,299,321
FNA:3,0,_ZN5Remus13FileListModel11qt_metacallEN11QMetaObject4CallEiPPv
FNL:4,324,327
FNA:4,0,_ZN5Remus13FileListModel12countChangedEv
FNL:5,330,333
FNA:5,0,_ZN5Remus13FileListModel13countsChangedEv
FNL:6,336,339
FNA:6,0,_ZN5Remus13FileListModel16selectionChangedEv
FNL:7,342,345
FNA:7,0,_ZN5Remus13FileListModel19systemFilterChangedEv
FNL:8,348,351
FNA:8,0,_ZN5Remus13FileListModel22showMatchedOnlyChangedEv
FNL:9,354,357
FNA:9,0,_ZN5Remus13FileListModel13errorOccurredERK7QString
FNF:10
FNH:0
BRDA:229,0,0,-
BRDA:229,0,1,-
BRDA:230,0,0,-
BRDA:230,0,1,-
BRDA:230,0,2,-
BRDA:230,0,3,-
BRDA:230,0,4,-
BRDA:230,0,5,-
BRDA:230,0,6,-
BRDA:230,0,7,-
BRDA:230,0,8,-
BRDA:230,0,9,-
BRDA:230,0,10,-
BRDA:230,0,11,-
BRDA:230,0,12,-
BRDA:230,0,13,-
BRDA:230,0,14,-
BRDA:243,0,0,-
BRDA:243,e0,1,-
BRDA:244,0,0,-
BRDA:244,0,1,-
BRDA:245,0,0,-
BRDA:245,e0,1,-
BRDA:246,0,0,-
BRDA:246,0,1,-
BRDA:250,0,0,-
BRDA:250,0,1,-
BRDA:251,0,0,-
BRDA:251,0,1,-
BRDA:253,0,0,-
BRDA:253,0,1,-
BRDA:255,0,0,-
BRDA:255,0,1,-
BRDA:257,0,0,-
BRDA:257,0,1,-
BRDA:259,0,0,-
BRDA:259,0,1,-
BRDA:261,0,0,-
BRDA:261,0,1,-
BRDA:264,0,0,-
BRDA:264,0,1,-
BRDA:266,0,0,-
BRDA:266,0,1,-
BRDA:266,0,2,-
BRDA:266,0,3,-
BRDA:266,0,4,-
BRDA:266,0,5,-
BRDA:266,0,6,-
BRDA:267,0,0,-
BRDA:267,e0,1,-
BRDA:276,0,0,-
BRDA:276,0,1,-
BRDA:278,0,0,-
BRDA:278,0,1,-
BRDA:278,0,2,-
BRDA:288,0,0,-
BRDA:288,0,1,-
BRDA:293,0,0,-
BRDA:293,0,1,-
BRDA:294,0,0,-
BRDA:294,0,1,-
BRDA:302,0,0,-
BRDA:302,0,1,-
BRDA:304,0,0,-
BRDA:304,0,1,-
BRDA:305,0,0,-
BRDA:305,0,1,-
BRDA:309,0,0,-
BRDA:309,0,1,-
BRDA:310,0,0,-
BRDA:310,0,1,-
BRDA:314,0,0,-
BRDA:314,0,1,-
BRDA:314,0,2,-
BRDA:314,0,3,-
BRDA:315,0,0,-
BRDA:315,0,1,-
BRDA:315,0,2,-
BRDA:315,0,3,-
BRDA:316,0,0,-
BRDA:316,0,1,-
BRF:81
BRH:0
DA:226,0
DA:228,0
DA:229,0
DA:230,0
DA:231,0
DA:232,0
DA:233,0
DA:234,0
DA:235,0
DA:236,0
DA:237,0
DA:238,0
DA:239,0
DA:240,0
DA:241,0
DA:242,0
DA:243,0
DA:244,0
DA:245,0
DA:246,0
DA:247,0
DA:250,0
DA:251,0
DA:252,0
DA:253,0
DA:254,0
DA:255,0
DA:256,0
DA:257,0
DA:258,0
DA:259,0
DA:260,0
DA:261,0
DA:262,0
DA:264,0
DA:265,0
DA:266,0
DA:267,0
DA:268,0
DA:269,0
DA:270,0
DA:271,0
DA:272,0
DA:273,0
DA:276,0
DA:277,0
DA:278,0
DA:279,0
DA:280,0
DA:281,0
DA:286,0
DA:288,0
DA:291,0
DA:293,0
DA:294,0
DA:295,0
DA:296,0
DA:299,0
DA:301,0
DA:302,0
DA:303,0
DA:304,0
DA:305,0
DA:306,0
DA:307,0
DA:309,0
DA:310,0
DA:311,0
DA:312,0
DA:314,0
DA:315,0
DA:316,0
DA:317,0
DA:318,0
DA:320,0
DA:324,0
DA:326,0
DA:327,0
DA:330,0
DA:332,0
DA:333,0
DA:336,0
DA:338,0
DA:339,0
DA:342,0
DA:344,0
DA:345,0
DA:348,0
DA:350,0
DA:351,0
DA:354,0
DA:356,0
DA:357,0
LF:93
LH:0
end_of_record
TN:
SF:/home/solon/Documents/remus/build-coverage/src/ui/remus-ui_autogen/IVK4DJNV27/moc_match_list_model.cpp
FNL:0,137,180
FNA:0,0,_ZN5Remus14MatchListModel18qt_static_metacallEP7QObjectN11QMetaObject4CallEiPPv
FNL:1,182,185
FNA:1,0,_ZNK5Remus14MatchListModel10metaObjectEv
FNL:2,187,193
FNA:2,0,_ZN5Remus14MatchListModel11qt_metacastEPKc
FNL:3,195,217
FNA:3,0,_ZN5Remus14MatchListModel11qt_metacallEN11QMetaObject4CallEiPPv
FNL:4,220,223
FNA:4,0,_ZN5Remus14MatchListModel12countChangedEv
FNL:5,226,229
FNA:5,0,_ZN5Remus14MatchListModel23confidenceFilterChangedEv
FNL:6,232,235
FNA:6,0,_ZN5Remus14MatchListModel14matchConfirmedEi
FNL:7,238,241
FNA:7,0,_ZN5Remus14MatchListModel13matchRejectedEi
FNL:8,244,247
FNA:8,0,_ZN5Remus14MatchListModel13errorOccurredERK7QString
FNF:9
FNH:0
BRDA:140,0,0,-
BRDA:140,0,1,-
BRDA:141,0,0,-
BRDA:141,0,1,-
BRDA:141,0,2,-
BRDA:141,0,3,-
BRDA:141,0,4,-
BRDA:141,0,5,-
BRDA:141,0,6,-
BRDA:141,0,7,-
BRDA:141,0,8,-
BRDA:153,0,0,-
BRDA:153,0,1,-
BRDA:154,0,0,-
BRDA:154,0,1,-
BRDA:156,0,0,-
BRDA:156,0,1,-
BRDA:158,0,0,-
BRDA:158,0,1,-
BRDA:160,0,0,-
BRDA:160,0,1,-
BRDA:162,0,0,-
BRDA:162,0,1,-
BRDA:165,0,0,-
BRDA:165,0,1,-
BRDA:167,0,0,-
BRDA:167,0,1,-
BRDA:167,0,2,-
BRDA:168,0,0,-
BRDA:168,e0,1,-
BRDA:173,0,0,-
BRDA:173,0,1,-
BRDA:175,0,0,-
BRDA:175,0,1,-
BRDA:184,0,0,-
BRDA:184,0,1,-
BRDA:189,0,0,-
BRDA:189,0,1,-
BRDA:190,0,0,-
BRDA:190,0,1,-
BRDA:198,0,0,-
BRDA:198,0,1,-
BRDA:200,0,0,-
BRDA:200,0,1,-
BRDA:201,0,0,-
BRDA:201,0,1,-
BRDA:205,0,0,-
BRDA:205,0,1,-
BRDA:206,0,0,-
BRDA:206,0,1,-
BRDA:210,0,0,-
BRDA:210,0,1,-
BRDA:210,0,2,-
BRDA:210,0,3,-
BRDA:211,0,0,-
BRDA:211,0,1,-
BRDA:211,0,2,-
BRDA:211,0,3,-
BRDA:212,0,0,-
BRDA:212,0,1,-
BRF:60
BRH:0
DA:137,0
DA:139,0
DA:140,0
DA:141,0
DA:142,0
DA:143,0
DA:144,0
DA:145,0
DA:146,0
DA:147,0
DA:148,0
DA:149,0
DA:150,0
DA:153,0
DA:154,0
DA:155,0
DA:156,0
DA:157,0
DA:158,0
DA:159,0
DA:160,0
DA:161,0
DA:162,0
DA:163,0
DA:165,0
DA:166,0
DA:167,0
DA:168,0
DA:169,0
DA:170,0
DA:173,0
DA:174,0
DA:175,0
DA:176,0
DA:177,0
DA:182,0
DA:184,0
DA:187,0
DA:189,0
DA:190,0
DA:191,0
DA:192,0
DA:195,0
DA:197,0
DA:198,0
DA:199,0
DA:200,0
DA:201,0
DA:202,0
DA:203,0
DA:205,0
DA:206,0
DA:207,0
DA:208,0
DA:210,0
DA:211,0
DA:212,0
DA:213,0
DA:214,0
DA:216,0
DA:220,0
DA:222,0
DA:223,0
DA:226,0
DA:228,0
DA:229,0
DA:232,0
DA:234,0
DA:235,0
DA:238,0
DA:240,0
DA:241,0
DA:244,0
DA:246,0
DA:247,0
LF:75
LH:0
end_of_record
TN:
SF:/home/solon/Documents/remus/src/core/archive_extractor.cpp
FNL:0,10,17
FNA:0,8,_ZN5Remus16ArchiveExtractorC2EP7QObject
FNL:1,19,27
FNA:1,0,_ZNK5Remus16ArchiveExtractor17getAvailableToolsEv
FNL:2,232,284
FNA:2,2,_ZN5Remus16ArchiveExtractor7extractERK7QStringS3_b
[...]
BRDA:451,0,0,-
BRDA:451,e0,1,-
BRDA:452,0,0,-
BRDA:452,e0,1,-
BRDA:454,0,0,-
BRDA:454,e0,1,-
BRDA:460,0,0,-
BRDA:460,0,1,-
BRDA:465,0,0,-
BRDA:465,0,1,-
BRDA:466,0,0,-
BRDA:466,e0,1,-
BRDA:466,0,2,-
BRDA:466,0,3,-
BRDA:475,0,0,-
BRDA:475,0,1,-
BRDA:475,0,2,-
BRDA:475,0,3,-
BRDA:475,0,4,-
BRDA:475,0,5,-
BRDA:475,0,6,-
BRDA:475,0,7,-
BRDA:475,0,8,-
BRDA:475,0,9,-
BRDA:476,0,0,-
BRDA:476,e0,1,-
BRDA:477,0,0,-
BRDA:477,e0,1,-
BRDA:483,0,0,-
BRDA:483,0,1,-
BRDA:483,0,2,-
BRDA:483,0,3,-
BRDA:483,0,4,-
BRDA:483,0,5,-
BRDA:492,0,0,-
BRDA:492,e0,1,-
BRDA:492,0,2,-
BRDA:492,0,3,-
BRDA:492,0,4,-
BRDA:492,0,5,-
BRDA:492,0,6,-
BRDA:492,0,7,-
BRDA:492,0,8,-
BRDA:492,0,9,-
BRDA:493,0,0,-
BRDA:493,e0,1,-
BRDA:517,0,0,-
BRDA:517,0,1,-
BRDA:517,0,2,-
BRDA:517,0,3,-
BRDA:519,0,0,-
BRDA:519,e0,1,-
BRDA:519,0,2,-
BRDA:519,e0,3,-
BRDA:519,0,4,-
BRDA:519,e0,5,-
BRDA:520,0,0,-
BRDA:520,e0,1,-
BRDA:520,0,2,-
BRDA:520,e0,3,-
BRDA:521,0,0,-
BRDA:521,e0,1,-
BRDA:521,0,2,-
BRDA:521,e0,3,-
BRDA:522,0,0,-
BRDA:522,0,1,-
BRDA:525,0,0,-
BRDA:525,e0,1,-
BRDA:525,0,2,-
BRDA:525,e0,3,-
BRDA:525,0,4,-
BRDA:525,e0,5,-
BRDA:525,0,6,-
BRDA:525,e0,7,-
BRDA:525,0,8,-
BRDA:525,e0,9,-
BRDA:525,0,10,-
BRDA:525,e0,11,-
BRDA:525,0,12,-
BRDA:525,e0,13,-
BRDA:525,0,14,-
BRDA:525,e0,15,-
BRDA:525,0,16,-
BRDA:525,e0,17,-
BRDA:525,0,18,-
BRDA:525,0,19,-
BRDA:525,0,20,-
BRDA:525,0,21,-
BRDA:528,0,0,-
BRDA:528,e0,1,-
BRDA:528,0,2,-
BRDA:528,e0,3,-
BRDA:528,0,4,-
BRDA:528,0,5,-
BRDA:530,0,0,-
BRDA:530,e0,1,-
BRDA:535,0,0,-
BRDA:535,0,1,-
BRDA:538,0,0,-
BRDA:538,0,1,-
BRDA:539,0,0,-
BRDA:539,e0,1,-
BRDA:539,0,2,-
BRDA:539,0,3,-
BRDA:545,0,0,-
BRDA:545,0,1,-
BRDA:555,0,0,-
BRDA:555,0,1,-
BRDA:557,0,0,-
BRDA:557,0,1,-
BRDA:557,0,2,-
BRDA:557,0,3,-
BRDA:557,0,4,-
BRDA:557,0,5,-
BRDA:564,0,0,-
BRDA:564,0,1,-
BRDA:571,0,0,-
BRDA:571,0,1,-
BRDA:572,0,0,-
BRDA:572,0,1,-
BRDA:574,0,0,-
BRDA:574,0,1,-
BRDA:584,0,0,-
BRDA:584,e0,1,-
BRDA:587,0,0,-
BRDA:587,e0,1,-
BRDA:587,0,2,-
BRDA:587,e0,3,-
BRDA:587,0,4,-
BRDA:587,e0,5,-
BRDA:587,0,6,-
BRDA:587,e0,7,-
BRDA:587,0,8,-
BRDA:587,e0,9,-
BRDA:587,0,10,-
BRDA:587,e0,11,-
BRDA:592,0,0,-
BRDA:592,0,1,-
BRDA:593,0,0,-
BRDA:593,e0,1,-
BRDA:593,0,2,-
BRDA:593,e0,3,-
BRDA:597,0,0,-
BRDA:597,e0,1,-
BRDA:600,0,0,-
BRDA:600,e0,1,-
BRDA:603,0,0,-
BRDA:603,e0,1,-
BRDA:606,0,0,-
BRDA:606,e0,1,-
BRDA:606,0,2,-
BRDA:606,e0,3,-
BRDA:606,0,4,-
BRDA:606,e0,5,-
BRDA:606,0,6,-
BRDA:606,e0,7,-
BRDA:606,0,8,-
BRDA:606,e0,9,-
BRDA:606,0,10,-
BRDA:606,e0,11,-
BRDA:606,0,12,-
BRDA:606,e0,13,-
BRDA:607,0,0,-
BRDA:607,e0,1,-
BRDA:607,0,2,-
BRDA:607,e0,3,-
BRDA:607,0,4,-
BRDA:607,0,5,-
BRDA:608,0,0,-
BRDA:608,e0,1,-
BRDA:608,0,2,-
BRDA:608,e0,3,-
BRDA:608,0,4,-
BRDA:608,e0,5,-
BRDA:608,0,6,-
BRDA:608,e0,7,-
BRDA:608,0,8,-
BRDA:608,e0,9,-
BRDA:609,0,0,-
BRDA:609,e0,1,-
BRDA:609,0,2,-
BRDA:609,e0,3,-
BRDA:610,0,0,-
BRDA:610,e0,1,-
BRDA:610,0,2,-
BRDA:610,e0,3,-
BRDA:614,0,0,-
BRDA:614,0,1,-
BRDA:616,0,0,-
BRDA:616,e0,1,-
BRDA:617,0,0,-
BRDA:617,e0,1,-
BRDA:617,0,2,-
BRDA:617,e0,3,-
BRDA:617,0,4,-
BRDA:617,0,5,-
BRDA:618,0,0,-
BRDA:618,0,1,-
BRDA:619,0,0,-
BRDA:619,e0,1,-
BRDA:626,0,0,-
BRDA:626,0,1,-
BRDA:628,0,0,-
BRDA:628,e0,1,-
BRDA:628,0,2,-
BRDA:628,e0,3,-
BRDA:628,0,4,-
BRDA:628,0,5,-
BRDA:629,0,0,-
BRDA:629,e0,1,-
BRDA:629,0,2,-
BRDA:629,0,3,-
BRDA:630,0,0,-
BRDA:630,e0,1,-
BRDA:637,0,0,-
BRDA:637,e0,1,-
BRDA:640,0,0,-
BRDA:640,e0,1,-
BRDA:642,0,0,-
BRDA:642,e0,1,-
BRDA:642,0,2,-
BRDA:642,e0,3,-
BRDA:642,0,4,-
BRDA:642,e0,5,-
BRDA:642,0,6,-
BRDA:642,e0,7,-
BRDA:643,0,0,-
BRDA:643,e0,1,-
BRDA:643,0,2,-
BRDA:643,e0,3,-
BRDA:644,0,0,-
BRDA:644,e0,1,-
BRDA:644,0,2,-
BRDA:644,e0,3,-
BRDA:644,0,4,-
BRDA:644,e0,5,-
BRDA:644,0,6,-
BRDA:644,e0,7,-
BRDA:644,0,8,-
BRDA:644,e0,9,-
BRDA:645,0,0,-
BRDA:645,e0,1,-
BRDA:645,0,2,-
BRDA:645,e0,3,-
BRDA:645,0,4,-
BRDA:645,0,5,-
BRDA:646,0,0,-
BRDA:646,e0,1,-
BRDA:646,0,2,-
BRDA:646,e0,3,-
BRDA:646,0,4,-
BRDA:646,e0,5,-
BRDA:646,0,6,-
BRDA:646,e0,7,-
BRDA:646,0,8,-
BRDA:646,e0,9,-
BRDA:646,0,10,-
BRDA:646,e0,11,-
BRDA:646,0,12,-
BRDA:646,e0,13,-
BRDA:646,0,14,-
BRDA:646,e0,15,-
BRDA:647,0,0,-
BRDA:647,e0,1,-
BRDA:647,0,2,-
BRDA:647,e0,3,-
BRDA:648,0,0,-
BRDA:648,e0,1,-
BRDA:648,0,2,-
BRDA:648,0,3,-
BRDA:648,0,4,-
BRDA:648,e0,5,-
BRDA:649,0,0,-
BRDA:649,e0,1,-
BRDA:649,0,2,-
BRDA:649,0,3,-
BRDA:649,0,4,-
BRDA:649,e0,5,-
BRDA:649,0,6,-
BRDA:649,e0,7,-
BRDA:650,0,0,-
BRDA:650,e0,1,-
BRDA:650,0,2,-
BRDA:650,0,3,-
BRDA:650,0,4,-
BRDA:650,e0,5,-
BRDA:653,0,0,-
BRDA:653,e0,1,-
BRDA:654,0,0,-
BRDA:654,e0,1,-
BRF:721
BRH:0
DA:24,0
DA:26,0
DA:28,0
DA:29,0
DA:31,0
DA:33,0
DA:35,0
DA:36,0
DA:37,0
DA:40,0
DA:42,0
DA:43,0
DA:45,0
DA:47,0
DA:48,0
DA:49,0
DA:50,0
DA:51,0
DA:52,0
DA:53,0
DA:54,0
DA:55,0
DA:56,0
DA:57,0
DA:58,0
DA:59,0
DA:60,0
DA:61,0
DA:62,0
DA:63,0
DA:64,0
DA:65,0
DA:66,0
DA:67,0
DA:68,0
DA:69,0
DA:70,0
DA:71,0
DA:72,0
DA:73,0
DA:74,0
DA:75,0
DA:77,0
DA:78,0
DA:79,0
DA:80,0
DA:81,0
DA:82,0
DA:83,0
DA:84,0
DA:87,0
DA:88,0
DA:89,0
DA:90,0
DA:91,0
DA:92,0
DA:93,0
DA:94,0
DA:97,0
DA:98,0
DA:99,0
DA:100,0
DA:101,0
DA:102,0
DA:103,0
DA:104,0
DA:105,0
DA:106,0
DA:109,0
DA:110,0
DA:111,0
DA:112,0
DA:113,0
DA:114,0
DA:115,0
DA:116,0
DA:117,0
DA:118,0
DA:119,0
DA:120,0
DA:121,0
DA:122,0
DA:123,0
DA:124,0
DA:125,0
DA:126,0
DA:127,0
DA:128,0
DA:129,0
DA:130,0
DA:131,0
DA:132,0
DA:133,0
DA:134,0
DA:137,0
DA:138,0
DA:139,0
DA:140,0
DA:141,0
DA:142,0
DA:145,0
DA:146,0
DA:147,0
DA:150,0
DA:151,0
DA:152,0
DA:155,0
DA:156,0
DA:157,0
DA:160,0
DA:161,0
DA:162,0
DA:165,0
DA:166,0
DA:167,0
DA:170,0
DA:173,0
DA:174,0
DA:178,0
DA:180,0
DA:181,0
DA:182,0
DA:183,0
DA:184,0
DA:185,0
DA:186,0
DA:187,0
DA:188,0
DA:189,0
DA:190,0
DA:191,0
DA:192,0
DA:193,0
DA:194,0
DA:195,0
DA:196,0
DA:199,0
DA:200,0
DA:201,0
DA:202,0
DA:205,0
DA:206,0
DA:207,0
DA:208,0
DA:209,0
DA:212,0
DA:213,0
DA:214,0
DA:215,0
DA:216,0
DA:217,0
DA:218,0
DA:219,0
DA:220,0
DA:221,0
DA:222,0
DA:223,0
DA:224,0
DA:227,0
DA:228,0
DA:229,0
DA:232,0
DA:234,0
DA:235,0
DA:237,0
DA:239,0
DA:240,0
DA:242,0
DA:243,0
DA:244,0
DA:247,0
DA:249,0
DA:250,0
DA:252,0
DA:253,0
DA:254,0
DA:257,0
DA:259,0
DA:260,0
DA:262,0
DA:264,0
DA:265,0
DA:266,0
DA:267,0
DA:268,0
DA:269,0
DA:271,0
DA:273,0
DA:274,0
DA:275,0
DA:277,0
DA:279,0
DA:281,0
DA:282,0
DA:284,0
DA:288,0
DA:289,0
DA:290,0
DA:291,0
DA:292,0
DA:296,0
DA:297,0
DA:299,0
DA:301,0
DA:302,0
DA:303,0
DA:305,0
DA:307,0
DA:308,0
DA:309,0
DA:310,0
DA:312,0
DA:318,0
DA:319,0
DA:322,0
DA:323,0
DA:325,0
DA:327,0
DA:329,0
DA:330,0
DA:333,0
DA:334,0
DA:336,0
DA:338,0
DA:340,0
DA:341,0
DA:342,0
DA:343,0
DA:344,0
DA:345,0
DA:346,0
DA:347,0
DA:348,0
DA:349,0
DA:352,0
DA:353,0
DA:355,0
DA:357,0
DA:360,0
DA:362,0
DA:363,0
DA:365,0
DA:366,0
DA:367,0
DA:369,0
DA:373,0
DA:374,0
DA:376,0
DA:379,0
DA:380,0
DA:383,0
DA:384,0
DA:386,0
DA:387,0
DA:389,0
DA:391,0
DA:395,0
DA:397,0
DA:400,0
DA:401,0
DA:402,0
DA:404,0
DA:405,0
DA:406,0
DA:407,0
DA:408,0
DA:409,0
DA:410,0
DA:411,0
DA:412,0
DA:417,0
DA:418,0
DA:420,0
DA:421,0
DA:423,0
DA:426,0
DA:427,0
DA:428,0
DA:432,0
DA:433,0
DA:434,0
DA:437,0
DA:438,0
DA:439,0
DA:442,0
DA:443,0
DA:447,0
DA:448,0
DA:449,0
DA:451,0
DA:452,0
DA:454,0
DA:455,0
DA:460,0
DA:461,0
DA:465,0
DA:466,0
DA:467,0
DA:468,0
DA:475,0
DA:476,0
DA:477,0
DA:483,0
DA:484,0
DA:485,0
DA:486,0
DA:492,0
DA:493,0
DA:494,0
DA:495,0
DA:496,0
DA:497,0
DA:498,0
DA:499,0
DA:500,0
DA:501,0
DA:502,0
DA:503,0
DA:504,0
DA:505,0
DA:506,0
DA:507,0
DA:508,0
DA:509,0
DA:512,0
DA:515,0
DA:516,0
DA:517,0
DA:519,0
DA:520,0
DA:521,0
DA:522,0
DA:523,0
DA:525,0
DA:528,0
DA:529,0
DA:530,0
DA:535,0
DA:537,0
DA:538,0
DA:539,0
DA:540,0
DA:541,0
DA:545,0
DA:546,0
DA:548,0
DA:551,0
DA:555,0
DA:556,0
DA:557,0
DA:558,0
DA:560,0
DA:564,0
DA:565,0
DA:567,0
DA:571,0
DA:572,0
DA:573,0
DA:574,0
DA:575,0
DA:578,0
DA:581,0
DA:584,0
DA:587,0
DA:588,0
DA:590,0
DA:592,0
DA:593,0
DA:594,0
DA:597,0
DA:600,0
DA:603,0
DA:606,0
DA:607,0
DA:608,0
DA:609,0
DA:610,0
DA:614,0
DA:615,0
DA:616,0
DA:617,0
DA:618,0
DA:619,0
DA:622,0
DA:623,0
DA:626,0
DA:627,0
DA:628,0
DA:629,0
DA:630,0
DA:633,0
DA:634,0
DA:637,0
DA:640,0
DA:642,0
DA:643,0
DA:644,0
DA:645,0
DA:646,0
DA:647,0
DA:648,0
DA:649,0
DA:650,0
DA:653,0
DA:654,0
DA:655,0
LF:406
LH:0
end_of_record
TN:
SF:/home/solon/Documents/remus/src/ui/models/file_list_model.h
FNL:0,158,158
FNA:0,0,_ZN5Remus14qt_getEnumNameENS_13FileListModel8FileRoleE
FNA:0,0,_ZN5Remus20qt_getEnumMetaObjectENS_13FileListModel8FileRoleE
FNL:1,168,168
FNA:1,0,_ZNK5Remus13FileListModel12systemFilterEv
FNL:2,171,171
FNA:2,0,_ZNK5Remus13FileListModel15showMatchedOnlyEv
FNL:3,175,175
FNA:3,0,_ZNK5Remus13FileListModel16unprocessedCountEv
FNL:4,176,176
FNA:4,0,_ZNK5Remus13FileListModel14processedCountEv
FNL:5,177,177
FNA:5,0,_ZNK5Remus13FileListModel13selectedCountEv
FNF:6
FNH:0
DA:158,0
DA:168,0
DA:171,0
DA:175,0
DA:176,0
DA:177,0
LF:6
LH:0
end_of_record
TN:
SF:/home/solon/Documents/remus/src/ui/models/match_list_model.cpp
FNL:0,159,174
FNA:0,0,_ZN5Remus14MatchListModel11rejectMatchEi
FNL:1,176,182
FNA:1,0,_ZN5Remus14MatchListModel11setDatabaseEPNS_8DatabaseE
FNL:2,18,23
FNA:2,0,_ZNK5Remus14MatchListModel8rowCountERK11QModelIndex
FNL:3,184,202
FNA:3,0,_ZN5Remus14MatchListModel8addMatchERKNS0_9MatchItemE
FNL:4,204,220
FNA:4,0,_ZN5Remus14MatchListModel11loadMatchesEv
FNL:5,25,63
FNA:5,0,_ZNK5Remus14MatchListModel4dataERK11QModelIndexi
FNL:6,65,82
FNA:6,0,_ZNK5Remus14MatchListModel9roleNamesEv
FNL:7,84,92
FNA:7,0,_ZN5Remus14MatchListModel19setConfidenceFilterERK7QString
FNL:8,9,16
FNA:8,0,_ZN5Remus14MatchListModelC2EPNS_8DatabaseEP7QObject
FNL:9,94,97
FNA:9,0,_ZN5Remus14MatchListModel7refreshEv
FNL:10,99,157
FNA:10,0,_ZN5Remus14MatchListModel12confirmMatchEi
FNF:11
FNH:0
BRDA:11,0,0,-
BRDA:11,e0,1,-
BRDA:13,0,0,-
BRDA:13,0,1,-
BRDA:14,0,0,-
BRDA:14,e0,1,-
BRDA:20,0,0,-
BRDA:20,0,1,-
BRDA:27,0,0,-
BRDA:27,0,1,-
BRDA:27,0,2,-
BRDA:27,0,3,-
BRDA:27,0,4,-
BRDA:27,0,5,-
BRDA:32,0,0,-
BRDA:32,0,1,-
BRDA:32,0,2,-
BRDA:32,0,3,-
BRDA:32,0,4,-
BRDA:32,0,5,-
BRDA:32,0,6,-
BRDA:32,0,7,-
BRDA:32,0,8,-
BRDA:32,0,9,-
BRDA:32,0,10,-
BRDA:32,0,11,-
BRDA:32,0,12,-
BRDA:32,0,13,-
BRDA:56,0,0,-
BRDA:56,e0,1,-
BRDA:58,0,0,-
BRDA:58,e0,1,-
BRDA:68,0,0,-
BRDA:68,e0,1,-
BRDA:68,0,2,-
BRDA:68,e0,3,-
BRDA:69,0,0,-
BRDA:69,e0,1,-
BRDA:69,0,2,-
BRDA:69,e0,3,-
BRDA:70,0,0,-
BRDA:70,e0,1,-
BRDA:70,0,2,-
BRDA:70,e0,3,-
BRDA:71,0,0,-
BRDA:71,e0,1,-
BRDA:71,0,2,-
BRDA:71,e0,3,-
BRDA:72,0,0,-
BRDA:72,e0,1,-
BRDA:72,0,2,-
BRDA:72,e0,3,-
BRDA:73,0,0,-
BRDA:73,e0,1,-
BRDA:73,0,2,-
BRDA:73,e0,3,-
BRDA:74,0,0,-
BRDA:74,e0,1,-
BRDA:74,0,2,-
BRDA:74,e0,3,-
BRDA:75,0,0,-
BRDA:75,e0,1,-
BRDA:75,0,2,-
BRDA:75,e0,3,-
BRDA:76,0,0,-
BRDA:76,e0,1,-
BRDA:76,0,2,-
BRDA:76,e0,3,-
BRDA:77,0,0,-
BRDA:77,e0,1,-
BRDA:77,0,2,-
BRDA:77,e0,3,-
BRDA:78,0,0,-
BRDA:78,e0,1,-
BRDA:78,0,2,-
BRDA:78,e0,3,-
BRDA:79,0,0,-
BRDA:79,e0,1,-
BRDA:79,0,2,-
BRDA:79,e0,3,-
BRDA:80,0,0,-
BRDA:80,e0,1,-
BRDA:80,0,2,-
BRDA:80,e0,3,-
BRDA:86,0,0,-
BRDA:86,0,1,-
BRDA:101,0,0,-
BRDA:101,0,1,-
BRDA:101,0,2,-
BRDA:101,0,3,-
BRDA:101,0,4,-
BRDA:101,0,5,-
BRDA:102,0,0,-
BRDA:102,e0,1,-
BRDA:102,0,2,-
BRDA:102,e0,3,-
BRDA:102,0,4,-
BRDA:102,e0,5,-
BRDA:109,0,0,-
BRDA:109,0,1,-
BRDA:111,0,0,-
BRDA:111,e0,1,-
BRDA:112,0,0,-
BRDA:112,0,1,-
BRDA:113,0,0,-
BRDA:113,e0,1,-
BRDA:113,0,2,-
BRDA:113,e0,3,-
BRDA:113,0,4,-
BRDA:113,e0,5,-
BRDA:118,0,0,-
BRDA:118,e0,1,-
BRDA:118,0,2,-
BRDA:118,e0,3,-
BRDA:119,0,0,-
BRDA:119,0,1,-
BRDA:119,0,2,-
BRDA:119,e0,3,-
BRDA:132,0,0,-
BRDA:132,e0,1,-
BRDA:135,0,0,-
BRDA:135,0,1,-
BRDA:136,0,0,-
BRDA:136,e0,1,-
BRDA:136,0,2,-
BRDA:136,e0,3,-
BRDA:141,0,0,-
BRDA:141,e0,1,-
BRDA:142,0,0,-
BRDA:142,e0,1,-
BRDA:144,0,0,-
BRDA:144,0,1,-
BRDA:145,0,0,-
BRDA:145,e0,1,-
BRDA:145,0,2,-
BRDA:145,e0,3,-
BRDA:145,0,4,-
BRDA:145,e0,5,-
BRDA:145,0,6,-
BRDA:145,e0,7,-
BRDA:145,0,8,-
BRDA:145,e0,9,-
BRDA:146,0,0,-
BRDA:146,e0,1,-
BRDA:149,0,0,-
BRDA:149,e0,1,-
BRDA:150,0,0,-
BRDA:150,e0,1,-
BRDA:151,0,0,-
BRDA:151,e0,1,-
BRDA:152,0,0,-
BRDA:152,e0,1,-
BRDA:154,0,0,-
BRDA:154,e0,1,-
BRDA:154,0,2,-
BRDA:154,e0,3,-
BRDA:156,0,0,-
BRDA:156,0,1,-
BRDA:156,0,2,-
BRDA:156,0,3,-
BRDA:156,0,4,-
BRDA:156,0,5,-
BRDA:161,0,0,-
BRDA:161,0,1,-
BRDA:161,0,2,-
BRDA:161,0,3,-
BRDA:161,0,4,-
BRDA:161,0,5,-
BRDA:162,0,0,-
BRDA:162,e0,1,-
BRDA:162,0,2,-
BRDA:162,e0,3,-
BRDA:162,0,4,-
BRDA:162,e0,5,-
BRDA:170,0,0,-
BRDA:170,e0,1,-
BRDA:179,0,0,-
BRDA:179,0,1,-
BRDA:187,0,0,-
BRDA:187,0,1,-
BRDA:189,0,0,-
BRDA:189,0,1,-
BRDA:189,0,2,-
BRDA:189,0,3,-
BRDA:189,0,4,-
BRDA:189,0,5,-
BRDA:191,0,0,-
BRDA:191,0,1,-
BRDA:191,0,2,-
BRDA:191,0,3,-
BRDA:191,0,4,-
BRDA:191,0,5,-
BRDA:192,0,0,-
BRDA:192,0,1,-
BRDA:194,0,0,-
BRDA:194,0,1,-
BRDA:194,0,2,-
BRDA:194,0,3,-
BRDA:194,0,4,-
BRDA:194,0,5,-
BRDA:198,0,0,-
BRDA:198,e0,1,-
BRDA:206,0,0,-
BRDA:206,0,1,-
BRDA:207,0,0,-
BRDA:207,e0,1,-
BRDA:207,0,2,-
BRDA:207,e0,3,-
BRF:208
BRH:0
DA:9,0
DA:11,0
DA:13,0
DA:14,0
DA:16,0
DA:18,0
DA:20,0
DA:21,0
DA:22,0
DA:25,0
DA:27,0
DA:28,0
DA:30,0
DA:32,0
DA:33,0
DA:34,0
DA:35,0
DA:36,0
DA:37,0
DA:38,0
DA:39,0
DA:40,0
DA:41,0
DA:42,0
DA:43,0
DA:44,0
DA:45,0
DA:46,0
DA:47,0
DA:48,0
DA:49,0
DA:50,0
DA:51,0
DA:52,0
DA:53,0
DA:54,0
DA:55,0
DA:56,0
DA:57,0
DA:58,0
DA:59,0
DA:60,0
DA:61,0
DA:65,0
DA:67,0
DA:68,0
DA:69,0
DA:70,0
DA:71,0
DA:72,0
DA:73,0
DA:74,0
DA:75,0
DA:76,0
DA:77,0
DA:78,0
DA:79,0
DA:80,0
DA:81,0
DA:82,0
DA:84,0
DA:86,0
DA:87,0
DA:89,0
DA:90,0
DA:91,0
DA:94,0
DA:96,0
DA:97,0
DA:99,0
DA:101,0
DA:102,0
DA:103,0
DA:106,0
DA:109,0
DA:111,0
DA:112,0
DA:113,0
DA:114,0
DA:118,0
DA:119,0
DA:122,0
DA:123,0
DA:125,0
DA:126,0
DA:127,0
DA:128,0
DA:129,0
DA:132,0
DA:135,0
DA:136,0
DA:137,0
DA:141,0
DA:142,0
DA:144,0
DA:145,0
DA:146,0
DA:149,0
DA:150,0
DA:151,0
DA:152,0
DA:154,0
DA:156,0
DA:159,0
DA:161,0
DA:162,0
DA:163,0
DA:166,0
DA:167,0
DA:170,0
DA:171,0
DA:172,0
DA:173,0
DA:176,0
DA:178,0
DA:179,0
DA:180,0
DA:182,0
DA:184,0
DA:187,0
DA:188,0
DA:189,0
DA:190,0
DA:191,0
DA:192,0
DA:193,0
DA:194,0
DA:195,0
DA:198,0
DA:199,0
DA:200,0
DA:201,0
DA:204,0
DA:206,0
DA:207,0
DA:208,0
DA:211,0
DA:212,0
DA:218,0
DA:219,0
LF:140
LH:0
end_of_record
TN:
SF:/home/solon/Documents/remus/src/ui/models/match_list_model.h
FNL:0,37,37
FNA:0,0,_ZN5Remus14qt_getEnumNameENS_14MatchListModel9MatchRoleE
FNA:0,0,_ZN5Remus20qt_getEnumMetaObjectENS_14MatchListModel9MatchRoleE
FNL:1,55,55
FNA:1,0,_ZNK5Remus14MatchListModel16confidenceFilterEv
FNF:2
FNH:0
DA:37,0
DA:55,0
LF:2
LH:0
end_of_record
TN:
SF:/home/solon/Documents/remus/src/ui/theme_constants.cpp
FNL:0,104,108
FNA:0,0,_ZNK5Remus14ThemeConstants13textSecondaryEv
FNL:1,110,114
FNA:1,0,_ZNK5Remus14ThemeConstants9textMutedEv
FNL:2,116,120
FNA:2,0,_ZNK5Remus14ThemeConstants9textLightEv
FNL:3,122,126
FNA:3,0,_ZNK5Remus14ThemeConstants15textPlaceholderEv
FNL:4,128,132
FNA:4,0,_ZNK5Remus14ThemeConstants6borderEv
FNL:5,134,138
FNA:5,0,_ZNK5Remus14ThemeConstants11borderLightEv
FNL:6,140,144
FNA:6,0,_ZNK5Remus14ThemeConstants7dividerEv
FNL:7,146,150
FNA:7,0,_ZNK5Remus14ThemeConstants7navTextEv
FNL:8,152,156
FNA:8,0,_ZNK5Remus14ThemeConstants8navHoverEv
FNL:9,158,162
FNA:9,0,_ZNK5Remus14ThemeConstants9navActiveEv
FNL:10,164,168
FNA:10,0,_ZNK5Remus14ThemeConstants11navActiveBgEv
FNL:11,17,24
FNA:11,4,_ZN5Remus14ThemeConstants11setDarkModeEb
FNL:12,170,174
FNA:12,0,_ZNK5Remus14ThemeConstants14buttonDisabledEv
FNL:13,176,180
FNA:13,0,_ZNK5Remus14ThemeConstants18buttonDisabledTextEv
FNL:14,26,30
FNA:14,0,_ZNK5Remus14ThemeConstants9sidebarBgEv
FNL:15,32,36
FNA:15,0,_ZNK5Remus14ThemeConstants6mainBgEv
FNL:16,38,42
FNA:16,0,_ZNK5Remus14ThemeConstants6cardBgEv
FNL:17,44,48
FNA:17,0,_ZNK5Remus14ThemeConstants9contentBgEv
FNL:18,50,54
FNA:18,4,_ZNK5Remus14ThemeConstants7primaryEv
FNL:19,56,60
FNA:19,0,_ZNK5Remus14ThemeConstants12primaryHoverEv
FNL:20,62,66
FNA:20,0,_ZNK5Remus14ThemeConstants14primaryPressedEv
FNL:21,68,72
FNA:21,0,_ZNK5Remus14ThemeConstants11primaryTextEv
FNL:22,74,78
FNA:22,0,_ZNK5Remus14ThemeConstants7successEv
FNL:23,8,15
FNA:23,2,_ZN5Remus14ThemeConstantsC2EP7QObject
FNL:24,80,84
FNA:24,0,_ZNK5Remus14ThemeConstants7warningEv
FNL:25,86,90
FNA:25,0,_ZNK5Remus14ThemeConstants6dangerEv
FNL:26,92,96
FNA:26,0,_ZNK5Remus14ThemeConstants4infoEv
FNL:27,98,102
FNA:27,0,_ZNK5Remus14ThemeConstants11textPrimaryEv
FNF:28
FNH:3
BRDA:12,0,0,2
BRDA:12,e0,1,0
BRDA:13,0,0,2
BRDA:13,e0,1,0
BRDA:13,0,2,2
BRDA:13,e0,3,0
BRDA:14,0,0,2
BRDA:14,e0,1,0
BRDA:14,0,2,2
BRDA:14,e0,3,0
BRDA:14,0,4,2
BRDA:14,0,5,0
BRDA:14,0,6,2
BRDA:14,e0,7,0
BRDA:14,0,8,2
BRDA:14,e0,9,0
BRDA:19,0,0,4
BRDA:19,0,1,0
BRDA:21,0,0,4
BRDA:21,e0,1,0
BRDA:21,0,2,4
BRDA:21,e0,3,0
BRDA:21,0,4,2
BRDA:21,0,5,2
BRDA:21,0,6,4
BRDA:21,e0,7,0
BRDA:28,0,0,-
BRDA:28,0,1,-
BRDA:29,0,0,-
BRDA:29,e0,1,-
BRDA:29,0,2,-
BRDA:29,e0,3,-
BRDA:34,0,0,-
BRDA:34,0,1,-
BRDA:35,0,0,-
BRDA:35,e0,1,-
BRDA:35,0,2,-
BRDA:35,e0,3,-
BRDA:40,0,0,-
BRDA:40,0,1,-
BRDA:41,0,0,-
BRDA:41,e0,1,-
BRDA:41,0,2,-
BRDA:41,e0,3,-
BRDA:46,0,0,-
BRDA:46,0,1,-
BRDA:47,0,0,-
BRDA:47,e0,1,-
BRDA:47,0,2,-
BRDA:47,e0,3,-
BRDA:52,0,0,2
BRDA:52,0,1,2
BRDA:53,0,0,2
BRDA:53,e0,1,0
BRDA:53,0,2,2
BRDA:53,e0,3,0
BRDA:58,0,0,-
BRDA:58,0,1,-
BRDA:59,0,0,-
BRDA:59,e0,1,-
BRDA:59,0,2,-
BRDA:59,e0,3,-
BRDA:64,0,0,-
BRDA:64,0,1,-
BRDA:65,0,0,-
BRDA:65,e0,1,-
BRDA:65,0,2,-
BRDA:65,e0,3,-
BRDA:70,0,0,-
BRDA:70,0,1,-
BRDA:71,0,0,-
BRDA:71,e0,1,-
BRDA:71,0,2,-
BRDA:71,e0,3,-
BRDA:76,0,0,-
BRDA:76,0,1,-
BRDA:77,0,0,-
BRDA:77,e0,1,-
BRDA:77,0,2,-
BRDA:77,e0,3,-
BRDA:82,0,0,-
BRDA:82,0,1,-
BRDA:83,0,0,-
BRDA:83,e0,1,-
BRDA:83,0,2,-
BRDA:83,e0,3,-
BRDA:88,0,0,-
BRDA:88,0,1,-
BRDA:89,0,0,-
BRDA:89,e0,1,-
BRDA:89,0,2,-
BRDA:89,e0,3,-
BRDA:94,0,0,-
BRDA:94,0,1,-
BRDA:95,0,0,-
BRDA:95,e0,1,-
BRDA:95,0,2,-
BRDA:95,e0,3,-
BRDA:100,0,0,-
BRDA:100,0,1,-
BRDA:101,0,0,-
BRDA:101,e0,1,-
BRDA:101,0,2,-
BRDA:101,e0,3,-
BRDA:106,0,0,-
BRDA:106,0,1,-
BRDA:107,0,0,-
BRDA:107,e0,1,-
BRDA:107,0,2,-
BRDA:107,e0,3,-
BRDA:112,0,0,-
BRDA:112,0,1,-
BRDA:113,0,0,-
BRDA:113,e0,1,-
BRDA:113,0,2,-
BRDA:113,e0,3,-
BRDA:118,0,0,-
BRDA:118,0,1,-
BRDA:119,0,0,-
BRDA:119,e0,1,-
BRDA:119,0,2,-
BRDA:119,e0,3,-
BRDA:124,0,0,-
BRDA:124,0,1,-
BRDA:125,0,0,-
BRDA:125,e0,1,-
BRDA:125,0,2,-
BRDA:125,e0,3,-
BRDA:130,0,0,-
BRDA:130,0,1,-
BRDA:131,0,0,-
BRDA:131,e0,1,-
BRDA:131,0,2,-
BRDA:131,e0,3,-
BRDA:136,0,0,-
BRDA:136,0,1,-
BRDA:137,0,0,-
BRDA:137,e0,1,-
BRDA:137,0,2,-
BRDA:137,e0,3,-
BRDA:142,0,0,-
BRDA:142,0,1,-
BRDA:143,0,0,-
BRDA:143,e0,1,-
BRDA:143,0,2,-
BRDA:143,e0,3,-
BRDA:148,0,0,-
BRDA:148,0,1,-
BRDA:149,0,0,-
BRDA:149,e0,1,-
BRDA:149,0,2,-
BRDA:149,e0,3,-
BRDA:154,0,0,-
BRDA:154,0,1,-
BRDA:155,0,0,-
BRDA:155,e0,1,-
BRDA:155,0,2,-
BRDA:155,e0,3,-
BRDA:160,0,0,-
BRDA:160,0,1,-
BRDA:161,0,0,-
BRDA:161,e0,1,-
BRDA:161,0,2,-
BRDA:161,e0,3,-
BRDA:166,0,0,-
BRDA:166,0,1,-
BRDA:167,0,0,-
BRDA:167,e0,1,-
BRDA:167,0,2,-
BRDA:167,e0,3,-
BRDA:172,0,0,-
BRDA:172,0,1,-
BRDA:173,0,0,-
BRDA:173,e0,1,-
BRDA:173,0,2,-
BRDA:173,e0,3,-
BRDA:178,0,0,-
BRDA:178,0,1,-
BRDA:179,0,0,-
BRDA:179,e0,1,-
BRDA:179,0,2,-
BRDA:179,e0,3,-
BRF:182
BRH:18
DA:8,2
DA:9,2
DA:12,2
DA:13,4
DA:14,2
DA:15,2
DA:17,4
DA:19,4
DA:20,4
DA:21,4
DA:22,4
DA:24,4
DA:26,0
DA:27,0
DA:28,0
DA:29,0
DA:32,0
DA:33,0
DA:34,0
DA:35,0
DA:38,0
DA:39,0
DA:40,0
DA:41,0
DA:44,0
DA:45,0
DA:46,0
DA:47,0
DA:50,4
DA:51,4
DA:52,4
DA:53,4
DA:56,0
DA:57,0
DA:58,0
DA:59,0
DA:62,0
DA:63,0
DA:64,0
DA:65,0
DA:68,0
DA:69,0
DA:70,0
DA:71,0
DA:74,0
DA:75,0
DA:76,0
DA:77,0
DA:80,0
DA:81,0
DA:82,0
DA:83,0
DA:86,0
DA:87,0
DA:88,0
DA:89,0
DA:92,0
DA:93,0
DA:94,0
DA:95,0
DA:98,0
DA:99,0
DA:100,0
DA:101,0
DA:104,0
DA:105,0
DA:106,0
DA:107,0
DA:110,0
DA:111,0
DA:112,0
DA:113,0
DA:116,0
DA:117,0
DA:118,0
DA:119,0
DA:122,0
DA:123,0
DA:124,0
DA:125,0
DA:128,0
DA:129,0
DA:130,0
DA:131,0
DA:134,0
DA:135,0
DA:136,0
DA:137,0
DA:140,0
DA:141,0
DA:142,0
DA:143,0
DA:146,0
DA:147,0
DA:148,0
DA:149,0
DA:152,0
DA:153,0
DA:154,0
DA:155,0
DA:158,0
DA:159,0
DA:160,0
DA:161,0
DA:164,0
DA:165,0
DA:166,0
DA:167,0
DA:170,0
DA:171,0
DA:172,0
DA:173,0
DA:176,0
DA:177,0
DA:178,0
DA:179,0
LF:116
LH:16
end_of_record
TN:
SF:/home/solon/Documents/remus/src/ui/theme_constants.h
FNL:0,49,49
FNA:0,4,_ZNK5Remus14ThemeConstants10isDarkModeEv
FNL:1,52,52
FNA:1,4,_ZN5Remus14ThemeConstants11toggleThemeEv
FNF:2
FNH:2
DA:49,4
DA:52,4
LF:2
LH:2
end_of_record
